Running SLURM prolog script on gold55.cluster.local
===============================================================================
Job started on Fri Sep 15 07:05:19 BST 2023
Job ID          : 4767933
Job name        : ResolventAnalysis
WorkDir         : /mainfs/scratch/jmom1n15/BumpStab
Command         : /mainfs/scratch/jmom1n15/BumpStab/genSub
Partition       : highmem
Num hosts       : 1
Num cores       : 16
Num of tasks    : 16
Hosts allocated : gold55
Job Output Follows ...
===============================================================================
/home/jmom1n15/.conda/envs/an/lib/python3.11/site-packages/numpy/ma/core.py:2820: ComplexWarning: Casting complex values to real discards the imaginary part
  _data = np.array(data, dtype=dtype, copy=copy,
/home/jmom1n15/.conda/envs/an/lib/python3.11/site-packages/matplotlib/contour.py:1159: ComplexWarning: Casting complex values to real discards the imaginary part
  self.levels = np.asarray(levels_arg).astype(np.float64)
----- Plotting modes -----
Peak omegas: [ 0.99997433  2.00602251  4.33020792  4.96801034  6.02179169  7.03648826
  9.69604663 10.92224558 11.32987021 13.48378046 16.7992409  18.58020071
 21.1225279  37.6162591  70.77417412 88.17648759 95.75402524]
----- Plotting modes -----
Peak omegas: [ 0.99997433  3.00177942  3.98753498  6.07720627  7.43404976 10.05790879
 22.72855823 39.74157727 69.48935993 89.80681491 95.75402524]
----- Plotting modes -----
Peak omegas: [ 0.99997433  5.29700321 19.09787952 58.38907205 74.77291407 86.57575677
 97.52445642]
Traceback (most recent call last):
  File "/mainfs/scratch/jmom1n15/BumpStab/resolvent/plot_peaks.py", line 99, in <module>
    plot_field(field.T, pxs, pys, f"figures/mode-comparison/imag_{case_label[idx]}_forcing_{omega/(2*np.pi):.2f}.png", _cmap="seismic")
  File "/mainfs/scratch/jmom1n15/BumpStab/resolvent/plot_field.py", line 41, in plot_field
    cs = ax.contourf(
         ^^^^^^^^^^^^
  File "/home/jmom1n15/.conda/envs/an/lib/python3.11/site-packages/matplotlib/__init__.py", line 1433, in inner
    return func(ax, *map(sanitize_sequence, args), **kwargs)
           ^^^^^^^^^^^^^^^^^^^^^^^^^^^^^^^^^^^^^^^^^^^^^^^^^
  File "/home/jmom1n15/.conda/envs/an/lib/python3.11/site-packages/matplotlib/axes/_axes.py", line 6420, in contourf
    contours = mcontour.QuadContourSet(self, *args, **kwargs)
               ^^^^^^^^^^^^^^^^^^^^^^^^^^^^^^^^^^^^^^^^^^^^^^
  File "/home/jmom1n15/.conda/envs/an/lib/python3.11/site-packages/matplotlib/contour.py", line 904, in __init__
    self.changed()  # set the colors
    ^^^^^^^^^^^^^^
  File "/home/jmom1n15/.conda/envs/an/lib/python3.11/site-packages/matplotlib/contour.py", line 1085, in changed
    for rgba in self.to_rgba(self.cvalues, alpha=self.alpha)]
                ^^^^^^^^^^^^^^^^^^^^^^^^^^^^^^^^^^^^^^^^^^^^
  File "/home/jmom1n15/.conda/envs/an/lib/python3.11/site-packages/matplotlib/cm.py", line 511, in to_rgba
    x = self.norm(x)
        ^^^^^^^^^^^^
  File "/home/jmom1n15/.conda/envs/an/lib/python3.11/site-packages/matplotlib/colors.py", line 1353, in __call__
    resdat -= vmin
numpy.core._exceptions._UFuncOutputCastingError: Cannot cast ufunc 'subtract' output from dtype('complex128') to dtype('float64') with casting rule 'same_kind'
==============================================================================
Running epilogue script on gold55.

Submit time  : 2023-09-15T07:04:35
Start time   : 2023-09-15T07:05:19
End time     : 2023-09-15T07:06:08
Elapsed time : 00:00:49 (Timelimit=10:00:00)

Job ID: 4767933
Cluster: i5
User/Group: jmom1n15/mm
State: FAILED (exit code 1)
Nodes: 1
Cores per node: 16
CPU Utilized: 00:02:04
CPU Efficiency: 15.82% of 00:13:04 core-walltime
Job Wall-clock time: 00:00:49
Memory Utilized: 35.02 GB
Memory Efficiency: 9.49% of 369.14 GB

