Running SLURM prolog script on gold57.cluster.local
===============================================================================
Job started on Tue Aug 15 00:05:36 BST 2023
Job ID          : 4543443
Job name        : fluAv-save
WorkDir         : /mainfs/scratch/jmom1n15/BumpStab
Command         : /mainfs/scratch/jmom1n15/BumpStab/sleepSub
Partition       : highmem
Num hosts       : 1
Num cores       : 64
Num of tasks    : 64
Hosts allocated : gold57
Job Output Follows ...
===============================================================================
Starting calculation at Tue Aug 15 00:05:36 BST 2023
---------------------------------------------------------------
slurmstepd-gold57: error: *** JOB 4543443 ON gold57 CANCELLED AT 2023-08-15T00:24:20 ***
==============================================================================
Running epilogue script on gold57.

Submit time  : 2023-08-15T00:04:46
Start time   : 2023-08-15T00:05:35
End time     : 2023-08-15T00:24:20
Elapsed time : 00:18:45 (Timelimit=20:00:00)

Job ID: 4543443
Cluster: i5
User/Group: jmom1n15/mm
State: CANCELLED (exit code 0)
Nodes: 1
Cores per node: 64
CPU Utilized: 00:00:02
CPU Efficiency: 0.00% of 20:00:00 core-walltime
Job Wall-clock time: 00:18:45
Memory Utilized: 187.79 GB
Memory Efficiency: 12.72% of 1.44 TB

