Running SLURM prolog script on ruby053.cluster.local
===============================================================================
Job started on Thu Sep 14 14:35:50 BST 2023
Job ID          : 4762651
Job name        : visSub
WorkDir         : /mainfs/scratch/jmom1n15/BumpStab
Command         : /mainfs/scratch/jmom1n15/BumpStab/visSub
Partition       : amd
Num hosts       : 1
Num cores       : 64
Num of tasks    : 64
Hosts allocated : ruby053
Job Output Follows ...
===============================================================================
Waiting for client...
Connection URL: cs://ruby053.cluster.local:11111
Accepting connection(s): ruby053.cluster.local:11111
[0m[31m(  32.053s) [pvserver.0      ]vtkTCPNetworkAccessMana:572    ERR| vtkTCPNetworkAccessManager (0xefe920): Client and server connection ids do not match[0m
[0m[33m(  32.054s) [pvserver.0      ]vtkTCPNetworkAccessMana:346   WARN| vtkTCPNetworkAccessManager (0xefe920): 
 Connection failed during handshake. The server has a different 
 connection id than the client.

[0m
Client connected.
error: exception occurred: Subprocess killed

===================================================================================
=   BAD TERMINATION OF ONE OF YOUR APPLICATION PROCESSES
=   PID 14520 RUNNING AT ruby053
=   EXIT CODE: 9
=   CLEANING UP REMAINING PROCESSES
=   YOU CAN IGNORE THE BELOW CLEANUP MESSAGES
===================================================================================
YOUR APPLICATION TERMINATED WITH THE EXIT STRING: Killed (signal 9)
This typically refers to a problem with your application.
Please see the FAQ page for debugging suggestions
==============================================================================
Running epilogue script on ruby053.

Submit time  : 2023-09-14T14:29:46
Start time   : 2023-09-14T14:35:49
End time     : 2023-09-14T14:43:20
Elapsed time : 00:07:31 (Timelimit=03:50:00)

Job ID: 4762651
Cluster: i5
User/Group: jmom1n15/mm
State: FAILED (exit code 9)
Nodes: 1
Cores per node: 64
CPU Utilized: 00:02:03
CPU Efficiency: 0.43% of 08:01:04 core-walltime
Job Wall-clock time: 00:07:31
Memory Utilized: 125.09 GB
Memory Efficiency: 55.60% of 225.00 GB

