Running SLURM prolog script on gold58.cluster.local
===============================================================================
Job started on Tue Aug 29 09:51:18 BST 2023
Job ID          : 4672422
Job name        : ResolventAnalysis
WorkDir         : /mainfs/scratch/jmom1n15/BumpStab
Command         : /mainfs/scratch/jmom1n15/BumpStab/genSub
Partition       : highmem
Num hosts       : 1
Num cores       : 16
Num of tasks    : 16
Hosts allocated : gold58
Job Output Follows ...
===============================================================================
Starting calculation at Tue Aug 29 09:51:18 BST 2023
---------------------------------------------------------------
slurmstepd-gold58: error: *** JOB 4672422 ON gold58 CANCELLED AT 2023-08-29T09:58:48 ***
==============================================================================
Running epilogue script on gold58.

Submit time  : 2023-08-29T09:50:47
Start time   : 2023-08-29T09:51:18
End time     : 2023-08-29T09:58:48
Elapsed time : 00:07:30 (Timelimit=2-12:00:00)

Job ID: 4672422
Cluster: i5
User/Group: jmom1n15/mm
State: CANCELLED (exit code 0)
Nodes: 1
Cores per node: 16
CPU Utilized: 00:00:01
CPU Efficiency: 0.01% of 02:00:00 core-walltime
Job Wall-clock time: 00:07:30
Memory Utilized: 63.47 GB
Memory Efficiency: 17.19% of 369.14 GB

