Running SLURM prolog script on gold65.cluster.local
===============================================================================
Job started on Tue Aug 22 14:01:27 BST 2023
Job ID          : 4641230
Job name        : ResolventAnalysis
WorkDir         : /mainfs/scratch/jmom1n15/BumpStab
Command         : /mainfs/scratch/jmom1n15/BumpStab/genSub
Partition       : highmem
Num hosts       : 1
Num cores       : 64
Num of tasks    : 64
Hosts allocated : gold65
Job Output Follows ...
===============================================================================
Starting calculation at Tue Aug 22 14:01:28 BST 2023
---------------------------------------------------------------
Python 3.11.4

----- Loading data from /mainfs/scratch/jmom1n15/BumpStab/data/128/0.001/data/uvp.npy -----
Error loading data: [Errno 2] No such file or directory: '/mainfs/scratch/jmom1n15/BumpStab/data/128/0.001/data/uvp.npy'
Traceback (most recent call last):
  File "/mainfs/scratch/jmom1n15/BumpStab/resolvent/run_resolvent.py", line 37, in <module>
    main(case, dom)
  File "/mainfs/scratch/jmom1n15/BumpStab/resolvent/run_resolvent.py", line 21, in main
    svd_save = SaveSVD(f"{os.getcwd()}/data/{case}/data", dom)
               ^^^^^^^^^^^^^^^^^^^^^^^^^^^^^^^^^^^^^^^^^^^^^^^
  File "/mainfs/scratch/jmom1n15/BumpStab/resolvent/SVD_save.py", line 12, in __init__
    self.uvp = LoadData(path).flat_subdomain(subdomain)
               ^^^^^^^^^^^^^^^^^^^^^^^^^^^^^^^^^^^^^^^^
  File "/mainfs/scratch/jmom1n15/BumpStab/resolvent/load_data.py", line 128, in flat_subdomain
    return self.unwarped_body.reshape(3 * self.nx * self.ny, self.nt)
           ^^^^^^^^^^^^^^^^^^
  File "/mainfs/scratch/jmom1n15/BumpStab/resolvent/load_data.py", line 78, in unwarped_body
    unwarped = np.full(self.body.shape, np.nan)
                       ^^^^^^^^^
  File "/mainfs/scratch/jmom1n15/BumpStab/resolvent/load_data.py", line 68, in body
    pxs = np.linspace(*self.xlims, self.nx)
                                   ^^^^^^^
AttributeError: 'LoadData' object has no attribute 'nx'
==============================================================================
Running epilogue script on gold65.

Submit time  : 2023-08-22T14:01:18
Start time   : 2023-08-22T14:01:27
End time     : 2023-08-22T14:02:01
Elapsed time : 00:00:34 (Timelimit=2-12:00:00)

Job ID: 4641230
Cluster: i5
User/Group: jmom1n15/mm
State: FAILED (exit code 1)
Nodes: 1
Cores per node: 64
CPU Utilized: 00:00:11
CPU Efficiency: 0.51% of 00:36:16 core-walltime
Job Wall-clock time: 00:00:34
Memory Utilized: 154.14 MB
Memory Efficiency: 0.01% of 1.44 TB

