Running SLURM prolog script on gold63.cluster.local
===============================================================================
Job started on Fri Sep 15 08:12:25 BST 2023
Job ID          : 4767977
Job name        : interactive
WorkDir         : /mainfs/scratch/jmom1n15/BumpStab
Command         : /mainfs/scratch/jmom1n15/BumpStab/sleepSub
Partition       : highmem
Num hosts       : 1
Num cores       : 64
Num of tasks    : 64
Hosts allocated : gold63
Job Output Follows ...
===============================================================================
Starting calculation at Fri Sep 15 08:12:25 BST 2023
---------------------------------------------------------------
slurmstepd-gold63: error: *** JOB 4767977 ON gold63 CANCELLED AT 2023-09-16T02:12:49 DUE TO TIME LIMIT ***
==============================================================================
Running epilogue script on gold63.

Submit time  : 2023-09-15T08:11:51
Start time   : 2023-09-15T08:12:24
End time     : 2023-09-16T02:12:50
Elapsed time : 18:00:26 (Timelimit=18:00:00)

Job ID: 4767977
Cluster: i5
User/Group: jmom1n15/mm
State: TIMEOUT (exit code 0)
Nodes: 1
Cores per node: 64
CPU Utilized: 03:24:22
CPU Efficiency: 0.30% of 48-00:27:44 core-walltime
Job Wall-clock time: 18:00:26
Memory Utilized: 61.93 GB
Memory Efficiency: 4.19% of 1.44 TB

