Running SLURM prolog script on gold56.cluster.local
===============================================================================
Job started on Tue Dec  5 19:14:12 GMT 2023
Job ID          : 5094076
Job name        : interactive
WorkDir         : /mainfs/scratch/jmom1n15/BumpStab
Command         : /mainfs/scratch/jmom1n15/BumpStab/sleepSub
Partition       : highmem
Num hosts       : 1
Num cores       : 16
Num of tasks    : 16
Hosts allocated : gold56
Job Output Follows ...
===============================================================================
Starting calculation at Tue Dec  5 19:14:12 GMT 2023
---------------------------------------------------------------
slurmstepd-gold56: error: *** JOB 5094076 ON gold56 CANCELLED AT 2023-12-05T22:41:54 ***
==============================================================================
Running epilogue script on gold56.

Submit time  : 2023-12-05T19:13:34
Start time   : 2023-12-05T19:14:12
End time     : 2023-12-05T22:41:53
Elapsed time : 03:27:41 (Timelimit=10:00:00)

Job ID: 5094076
Cluster: i5
User/Group: jmom1n15/mm
State: CANCELLED (exit code 0)
Nodes: 1
Cores per node: 16
CPU Utilized: 00:32:28
CPU Efficiency: 0.98% of 2-07:22:56 core-walltime
Job Wall-clock time: 03:27:41
Memory Utilized: 118.43 GB
Memory Efficiency: 32.08% of 369.14 GB

