Running SLURM prolog script on apricot01.cluster.local
===============================================================================
Job started on Wed Dec  6 15:13:57 GMT 2023
Job ID          : 5095996
Job name        : interactive
WorkDir         : /mainfs/scratch/jmom1n15/BumpStab
Command         : /mainfs/scratch/jmom1n15/BumpStab/sleepSub
Partition       : amd_scavenger
Num hosts       : 1
Num cores       : 64
Num of tasks    : 64
Hosts allocated : apricot01
Job Output Follows ...
===============================================================================
Starting calculation at Wed Dec  6 15:13:57 GMT 2023
---------------------------------------------------------------
==============================================================================
Running epilogue script on apricot01.

Submit time  : 2023-12-06T14:57:49
Start time   : 2023-12-06T15:13:56
End time     : 2023-12-06T15:38:13
Elapsed time : 00:24:17 (Timelimit=10:00:00)

Job ID: 5095996
Cluster: i5
User/Group: jmom1n15/mm
State: NODE_FAIL (exit code 1)
Nodes: 1
Cores per node: 64
CPU Utilized: 00:00:00
CPU Efficiency: 0.00% of 1-01:54:08 core-walltime
Job Wall-clock time: 00:24:17
Memory Utilized: 0.00 MB (estimated maximum)
Memory Efficiency: 0.00% of 245.00 GB (3.83 GB/core)

