Running SLURM prolog script on gold56.cluster.local
===============================================================================
Job started on Mon Nov 13 07:38:10 GMT 2023
Job ID          : 4994402
Job name        : interactive
WorkDir         : /mainfs/scratch/jmom1n15/BumpStab
Command         : /mainfs/scratch/jmom1n15/BumpStab/sleepSub
Partition       : highmem
Num hosts       : 1
Num cores       : 4
Num of tasks    : 4
Hosts allocated : gold56
Job Output Follows ...
===============================================================================
Starting calculation at Mon Nov 13 07:38:10 GMT 2023
---------------------------------------------------------------
slurmstepd-gold56: error: *** JOB 4994402 ON gold56 CANCELLED AT 2023-11-13T19:15:48 ***
==============================================================================
Running epilogue script on gold56.

Submit time  : 2023-11-13T07:38:03
Start time   : 2023-11-13T07:38:10
End time     : 2023-11-13T19:15:48
Elapsed time : 11:37:38 (Timelimit=19:00:00)

Job ID: 4994402
Cluster: i5
User/Group: jmom1n15/mm
State: CANCELLED (exit code 0)
Nodes: 1
Cores per node: 4
CPU Utilized: 00:44:20
CPU Efficiency: 1.59% of 1-22:30:32 core-walltime
Job Wall-clock time: 11:37:38
Memory Utilized: 70.33 GB
Memory Efficiency: 76.21% of 92.29 GB

