Running SLURM prolog script on gold56.cluster.local
===============================================================================
Job started on Sun Nov 12 09:22:01 GMT 2023
Job ID          : 4992588
Job name        : interactive
WorkDir         : /mainfs/scratch/jmom1n15/BumpStab
Command         : /mainfs/scratch/jmom1n15/BumpStab/sleepSub
Partition       : highmem
Num hosts       : 1
Num cores       : 4
Num of tasks    : 4
Hosts allocated : gold56
Job Output Follows ...
===============================================================================
Starting calculation at Sun Nov 12 09:22:01 GMT 2023
---------------------------------------------------------------
slurmstepd-gold56: error: *** JOB 4992588 ON gold56 CANCELLED AT 2023-11-13T04:22:25 DUE TO TIME LIMIT ***
==============================================================================
Running epilogue script on gold56.

Submit time  : 2023-11-12T09:21:01
Start time   : 2023-11-12T09:22:01
End time     : 2023-11-13T04:22:25
Elapsed time : 19:00:24 (Timelimit=19:00:00)

Job ID: 4992588
Cluster: i5
User/Group: jmom1n15/mm
State: TIMEOUT (exit code 0)
Nodes: 1
Cores per node: 4
CPU Utilized: 02:32:55
CPU Efficiency: 3.35% of 3-04:01:36 core-walltime
Job Wall-clock time: 19:00:24
Memory Utilized: 72.16 GB
Memory Efficiency: 78.19% of 92.29 GB

