Running SLURM prolog script on ruby072.cluster.local
===============================================================================
Job started on Wed Nov 15 10:17:45 GMT 2023
Job ID          : 5012482
Job name        : interactive
WorkDir         : /mainfs/scratch/jmom1n15/BumpStab
Command         : /mainfs/scratch/jmom1n15/BumpStab/sleepSub
Partition       : amd
Num hosts       : 1
Num cores       : 64
Num of tasks    : 64
Hosts allocated : ruby072
Job Output Follows ...
===============================================================================
Starting calculation at Wed Nov 15 10:17:45 GMT 2023
---------------------------------------------------------------
slurmstepd-ruby072: error: *** JOB 5012482 ON ruby072 CANCELLED AT 2023-11-15T13:16:57 ***
==============================================================================
Running epilogue script on ruby072.

Submit time  : 2023-11-15T10:07:05
Start time   : 2023-11-15T10:17:45
End time     : 2023-11-15T13:16:57
Elapsed time : 02:59:12 (Timelimit=19:00:00)

Job ID: 5012482
Cluster: i5
User/Group: jmom1n15/mm
State: CANCELLED (exit code 0)
Nodes: 1
Cores per node: 64
CPU Utilized: 2-07:36:48
CPU Efficiency: 29.09% of 7-23:08:48 core-walltime
Job Wall-clock time: 02:59:12
Memory Utilized: 11.38 GB
Memory Efficiency: 0.00% of 16.00 B

