Running SLURM prolog script on gold55.cluster.local
===============================================================================
Job started on Fri Nov 17 08:25:46 GMT 2023
Job ID          : 5024208
Job name        : interactive
WorkDir         : /mainfs/scratch/jmom1n15/BumpStab
Command         : /mainfs/scratch/jmom1n15/BumpStab/sleepSub
Partition       : highmem
Num hosts       : 1
Num cores       : 8
Num of tasks    : 8
Hosts allocated : gold55
Job Output Follows ...
===============================================================================
Starting calculation at Fri Nov 17 08:25:47 GMT 2023
---------------------------------------------------------------
slurmstepd-gold55: error: *** JOB 5024208 ON gold55 CANCELLED AT 2023-11-17T08:29:18 ***
==============================================================================
Running epilogue script on gold55.

Submit time  : 2023-11-17T08:25:07
Start time   : 2023-11-17T08:25:47
End time     : 2023-11-17T08:29:19
Elapsed time : 00:03:32 (Timelimit=10:00:00)

Job ID: 5024208
Cluster: i5
User/Group: jmom1n15/mm
State: CANCELLED (exit code 0)
Nodes: 1
Cores per node: 8
CPU Utilized: 00:00:01
CPU Efficiency: 0.06% of 00:28:16 core-walltime
Job Wall-clock time: 00:03:32
Memory Utilized: 119.30 MB
Memory Efficiency: 0.06% of 184.57 GB

