Running SLURM prolog script on gold56.cluster.local
===============================================================================
Job started on Wed Nov 29 08:18:41 GMT 2023
Job ID          : 5070362
Job name        : interactive
WorkDir         : /mainfs/scratch/jmom1n15/BumpStab
Command         : /mainfs/scratch/jmom1n15/BumpStab/sleepSub
Partition       : highmem
Num hosts       : 1
Num cores       : 16
Num of tasks    : 16
Hosts allocated : gold56
Job Output Follows ...
===============================================================================
Starting calculation at Wed Nov 29 08:18:41 GMT 2023
---------------------------------------------------------------
slurmstepd-gold56: error: *** JOB 5070362 ON gold56 CANCELLED AT 2023-11-29T18:18:52 DUE TO TIME LIMIT ***
==============================================================================
Running epilogue script on gold56.

Submit time  : 2023-11-29T08:17:57
Start time   : 2023-11-29T08:18:41
End time     : 2023-11-29T18:18:51
Elapsed time : 10:00:10 (Timelimit=10:00:00)

Job ID: 5070362
Cluster: i5
User/Group: jmom1n15/mm
State: TIMEOUT (exit code 0)
Nodes: 1
Cores per node: 16
CPU Utilized: 00:39:18
CPU Efficiency: 0.41% of 6-16:02:40 core-walltime
Job Wall-clock time: 10:00:10
Memory Utilized: 64.23 GB
Memory Efficiency: 17.40% of 369.14 GB

