Running SLURM prolog script on gold55.cluster.local
===============================================================================
Job started on Mon Dec  4 21:04:55 GMT 2023
Job ID          : 5091158
Job name        : interactive
WorkDir         : /mainfs/scratch/jmom1n15/BumpStab
Command         : /mainfs/scratch/jmom1n15/BumpStab/sleepSub
Partition       : highmem
Num hosts       : 1
Num cores       : 16
Num of tasks    : 16
Hosts allocated : gold55
Job Output Follows ...
===============================================================================
Starting calculation at Mon Dec  4 21:04:55 GMT 2023
---------------------------------------------------------------
slurmstepd-gold55: error: *** JOB 5091158 ON gold55 CANCELLED AT 2023-12-05T07:05:23 DUE TO TIME LIMIT ***
==============================================================================
Running epilogue script on gold55.

Submit time  : 2023-12-04T21:04:28
Start time   : 2023-12-04T21:04:54
End time     : 2023-12-05T07:05:23
Elapsed time : 10:00:29 (Timelimit=10:00:00)

Job ID: 5091158
Cluster: i5
User/Group: jmom1n15/mm
State: TIMEOUT (exit code 0)
Nodes: 1
Cores per node: 16
CPU Utilized: 05:40:45
CPU Efficiency: 3.55% of 6-16:07:44 core-walltime
Job Wall-clock time: 10:00:29
Memory Utilized: 85.21 GB
Memory Efficiency: 23.08% of 369.14 GB

