Running SLURM prolog script on gold56.cluster.local
===============================================================================
Job started on Sat Nov 18 16:47:16 GMT 2023
Job ID          : 5029051
Job name        : interactive
WorkDir         : /mainfs/scratch/jmom1n15/BumpStab
Command         : /mainfs/scratch/jmom1n15/BumpStab/sleepSub
Partition       : highmem
Num hosts       : 1
Num cores       : 8
Num of tasks    : 8
Hosts allocated : gold56
Job Output Follows ...
===============================================================================
Starting calculation at Sat Nov 18 16:47:16 GMT 2023
---------------------------------------------------------------
slurmstepd-gold56: error: *** JOB 5029051 ON gold56 CANCELLED AT 2023-11-19T02:47:24 DUE TO TIME LIMIT ***
==============================================================================
Running epilogue script on gold56.

Submit time  : 2023-11-18T16:47:13
Start time   : 2023-11-18T16:47:16
End time     : 2023-11-19T02:47:23
Elapsed time : 10:00:07 (Timelimit=10:00:00)

Job ID: 5029051
Cluster: i5
User/Group: jmom1n15/mm
State: TIMEOUT (exit code 0)
Nodes: 1
Cores per node: 8
CPU Utilized: 05:42:06
CPU Efficiency: 7.13% of 3-08:00:56 core-walltime
Job Wall-clock time: 10:00:07
Memory Utilized: 144.94 GB
Memory Efficiency: 78.53% of 184.57 GB

