Running SLURM prolog script on gold57.cluster.local
===============================================================================
Job started on Mon Dec  4 11:02:32 GMT 2023
Job ID          : 5087140
Job name        : interactive
WorkDir         : /mainfs/scratch/jmom1n15/BumpStab
Command         : /mainfs/scratch/jmom1n15/BumpStab/sleepSub
Partition       : highmem
Num hosts       : 1
Num cores       : 16
Num of tasks    : 16
Hosts allocated : gold57
Job Output Follows ...
===============================================================================
Starting calculation at Mon Dec  4 11:02:32 GMT 2023
---------------------------------------------------------------
slurmstepd-gold57: error: *** JOB 5087140 ON gold57 CANCELLED AT 2023-12-04T21:02:54 DUE TO TIME LIMIT ***
==============================================================================
Running epilogue script on gold57.

Submit time  : 2023-12-04T11:01:38
Start time   : 2023-12-04T11:02:32
End time     : 2023-12-04T21:02:54
Elapsed time : 10:00:22 (Timelimit=10:00:00)

Job ID: 5087140
Cluster: i5
User/Group: jmom1n15/mm
State: TIMEOUT (exit code 0)
Nodes: 1
Cores per node: 16
CPU Utilized: 10:09:51
CPU Efficiency: 6.35% of 6-16:05:52 core-walltime
Job Wall-clock time: 10:00:22
Memory Utilized: 77.58 GB
Memory Efficiency: 21.02% of 369.14 GB

