Running SLURM prolog script on apricot01.cluster.local
===============================================================================
Job started on Wed Dec  6 13:01:34 GMT 2023
Job ID          : 5095552
Job name        : interactive
WorkDir         : /mainfs/scratch/jmom1n15/BumpStab
Command         : /mainfs/scratch/jmom1n15/BumpStab/sleepSub
Partition       : amd_scavenger
Num hosts       : 1
Num cores       : 32
Num of tasks    : 32
Hosts allocated : apricot01
Job Output Follows ...
===============================================================================
Starting calculation at Wed Dec  6 13:01:34 GMT 2023
---------------------------------------------------------------
==============================================================================
Running epilogue script on apricot01.

Submit time  : 2023-12-06T12:46:07
Start time   : 2023-12-06T13:01:34
End time     : 2023-12-06T13:35:01
Elapsed time : 00:33:27 (Timelimit=10:00:00)

Job ID: 5095552
Cluster: i5
User/Group: jmom1n15/mm
State: NODE_FAIL (exit code 1)
Nodes: 1
Cores per node: 32
CPU Utilized: 00:00:00
CPU Efficiency: 0.00% of 17:50:24 core-walltime
Job Wall-clock time: 00:33:27
Memory Utilized: 0.00 MB (estimated maximum)
Memory Efficiency: 0.00% of 122.50 GB (3.83 GB/core)

