Running SLURM prolog script on gold55.cluster.local
===============================================================================
Job started on Wed Dec  6 15:43:25 GMT 2023
Job ID          : 5096090
Job name        : interactive
WorkDir         : /mainfs/scratch/jmom1n15/BumpStab
Command         : /mainfs/scratch/jmom1n15/BumpStab/sleepSub
Partition       : highmem
Num hosts       : 1
Num cores       : 8
Num of tasks    : 8
Hosts allocated : gold55
Job Output Follows ...
===============================================================================
Starting calculation at Wed Dec  6 15:43:25 GMT 2023
---------------------------------------------------------------
slurmstepd-gold55: error: *** JOB 5096090 ON gold55 CANCELLED AT 2023-12-07T01:43:31 DUE TO TIME LIMIT ***
==============================================================================
Running epilogue script on gold55.

Submit time  : 2023-12-06T15:41:52
Start time   : 2023-12-06T15:43:24
End time     : 2023-12-07T01:43:30
Elapsed time : 10:00:06 (Timelimit=10:00:00)

Job ID: 5096090
Cluster: i5
User/Group: jmom1n15/mm
State: TIMEOUT (exit code 0)
Nodes: 1
Cores per node: 8
CPU Utilized: 07:20:44
CPU Efficiency: 9.18% of 3-08:00:48 core-walltime
Job Wall-clock time: 10:00:06
Memory Utilized: 218.64 GB
Memory Efficiency: 118.46% of 184.57 GB

