Running SLURM prolog script on ruby054.cluster.local
===============================================================================
Job started on Fri Aug 11 12:08:19 BST 2023
Job ID          : 4481877
Job name        : paraSub
WorkDir         : /mainfs/scratch/jmom1n15/BumpStab/data/0.001
Command         : /mainfs/scratch/jmom1n15/BumpStab/data/0.001/paraSub
Partition       : amd
Num hosts       : 1
Num cores       : 64
Num of tasks    : 64
Hosts allocated : ruby054
Job Output Follows ...
===============================================================================
Waiting for client...
Connection URL: cs://ruby054.cluster.local:11111
Accepting connection(s): ruby054.cluster.local:11111
[0m[31m(  39.895s) [pvserver.0      ]vtkTCPNetworkAccessMana:572    ERR| vtkTCPNetworkAccessManager (0x1f28900): Client and server connection ids do not match[0m
[0m[33m(  39.895s) [pvserver.0      ]vtkTCPNetworkAccessMana:346   WARN| vtkTCPNetworkAccessManager (0x1f28900): 
 Connection failed during handshake. The server has a different 
 connection id than the client.

[0m
Client connected.
[0m[33m( 189.924s) [pvserver.0      ] vtkMPICommunicator.cxx:205   WARN| This operation not yet supported for more than 2147483647 objects[0m
[0m[31m( 189.936s) [pvserver.0      ]      vtkDataReader.cxx:567    ERR| vtkGenericDataObjectReader (0x442d7f0): Unrecognized file type:  for file: (Null FileName)[0m
[0m[31m( 189.947s) [pvserver.0      ]      vtkDataReader.cxx:567    ERR| vtkGenericDataObjectReader (0x442d7f0): Unrecognized file type:  for file: (Null FileName)[0m
[0m[31m( 189.959s) [pvserver.0      ]      vtkDataReader.cxx:567    ERR| vtkGenericDataObjectReader (0x442d7f0): Unrecognized file type:  for file: (Null FileName)[0m
[0m[31m( 189.959s) [pvserver.0      ]vtkGenericDataObjectRea:356    ERR| vtkGenericDataObjectReader (0x442d7f0): Could not read file [0m
[0m[31m( 189.959s) [pvserver.0      ]       vtkExecutive.cxx:741    ERR| vtkCompositeDataPipeline (0x447c720): Algorithm vtkGenericDataObjectReader (0x442d7f0) returned failure for request: vtkInformation (0x447cf20)
  Debug: Off
  Modified Time: 371838
  Reference Count: 1
  Registered Events: (none)
  Request: REQUEST_DATA
  FROM_OUTPUT_PORT: 0
  ALGORITHM_AFTER_FORWARD: 1
  FORWARD_DIRECTION: 0

[0m
[0m[31m( 189.970s) [pvserver.0      ]      vtkDataReader.cxx:567    ERR| vtkGenericDataObjectReader (0x442d7f0): Unrecognized file type:  for file: (Null FileName)[0m
[0m[31m( 189.981s) [pvserver.0      ]      vtkDataReader.cxx:567    ERR| vtkGenericDataObjectReader (0x442d7f0): Unrecognized file type:  for file: (Null FileName)[0m
[0m[31m( 189.992s) [pvserver.0      ]      vtkDataReader.cxx:567    ERR| vtkGenericDataObjectReader (0x442d7f0): Unrecognized file type:  for file: (Null FileName)[0m
[0m[31m( 189.992s) [pvserver.0      ]vtkGenericDataObjectRea:356    ERR| vtkGenericDataObjectReader (0x442d7f0): Could not read file [0m
[0m[31m( 189.992s) [pvserver.0      ]       vtkExecutive.cxx:741    ERR| vtkCompositeDataPipeline (0x447c720): Algorithm vtkGenericDataObjectReader (0x442d7f0) returned failure for request: vtkInformation (0x442d590)
  Debug: Off
  Modified Time: 371958
  Reference Count: 1
  Registered Events: (none)
  Request: REQUEST_DATA
  FROM_OUTPUT_PORT: 0
  ALGORITHM_AFTER_FORWARD: 1
  FORWARD_DIRECTION: 0

[0m
[0m[31m( 190.003s) [pvserver.0      ]      vtkDataReader.cxx:567    ERR| vtkGenericDataObjectReader (0x442d7f0): Unrecognized file type:  for file: (Null FileName)[0m
[0m[31m( 190.014s) [pvserver.0      ]      vtkDataReader.cxx:567    ERR| vtkGenericDataObjectReader (0x442d7f0): Unrecognized file type:  for file: (Null FileName)[0m
[0m[31m( 190.025s) [pvserver.0      ]      vtkDataReader.cxx:567    ERR| vtkGenericDataObjectReader (0x442d7f0): Unrecognized file type:  for file: (Null FileName)[0m
[0m[31m( 190.025s) [pvserver.0      ]vtkGenericDataObjectRea:356    ERR| vtkGenericDataObjectReader (0x442d7f0): Could not read file [0m
[0m[31m( 190.025s) [pvserver.0      ]       vtkExecutive.cxx:741    ERR| vtkCompositeDataPipeline (0x447c720): Algorithm vtkGenericDataObjectReader (0x442d7f0) returned failure for request: vtkInformation (0x449d6d0)
  Debug: Off
  Modified Time: 372078
  Reference Count: 1
  Registered Events: (none)
  Request: REQUEST_DATA
  FROM_OUTPUT_PORT: 0
  ALGORITHM_AFTER_FORWARD: 1
  FORWARD_DIRECTION: 0

[0m
[0m[31m( 190.036s) [pvserver.0      ]      vtkDataReader.cxx:567    ERR| vtkGenericDataObjectReader (0x442d7f0): Unrecognized file type:  for file: (Null FileName)[0m
[0m[31m( 190.046s) [pvserver.0      ]      vtkDataReader.cxx:567    ERR| vtkGenericDataObjectReader (0x442d7f0): Unrecognized file type:  for file: (Null FileName)[0m
[0m[31m( 190.057s) [pvserver.0      ]      vtkDataReader.cxx:567    ERR| vtkGenericDataObjectReader (0x442d7f0): Unrecognized file type:  for file: (Null FileName)[0m
[0m[31m( 190.057s) [pvserver.0      ]vtkGenericDataObjectRea:356    ERR| vtkGenericDataObjectReader (0x442d7f0): Could not read file [0m
[0m[31m( 190.057s) [pvserver.0      ]       vtkExecutive.cxx:741    ERR| vtkCompositeDataPipeline (0x447c720): Algorithm vtkGenericDataObjectReader (0x442d7f0) returned failure for request: vtkInformation (0x449d590)
  Debug: Off
  Modified Time: 372198
  Reference Count: 1
  Registered Events: (none)
  Request: REQUEST_DATA
  FROM_OUTPUT_PORT: 0
  ALGORITHM_AFTER_FORWARD: 1
  FORWARD_DIRECTION: 0

[0m
[0m[31m( 190.068s) [pvserver.0      ]      vtkDataReader.cxx:567    ERR| vtkGenericDataObjectReader (0x442d7f0): Unrecognized file type:  for file: (Null FileName)[0m
[0m[31m( 190.079s) [pvserver.0      ]      vtkDataReader.cxx:567    ERR| vtkGenericDataObjectReader (0x442d7f0): Unrecognized file type:  for file: (Null FileName)[0m
[0m[31m( 190.090s) [pvserver.0      ]      vtkDataReader.cxx:567    ERR| vtkGenericDataObjectReader (0x442d7f0): Unrecognized file type:  for file: (Null FileName)[0m
[0m[31m( 190.090s) [pvserver.0      ]vtkGenericDataObjectRea:356    ERR| vtkGenericDataObjectReader (0x442d7f0): Could not read file [0m
[0m[31m( 190.090s) [pvserver.0      ]       vtkExecutive.cxx:741    ERR| vtkCompositeDataPipeline (0x447c720): Algorithm vtkGenericDataObjectReader (0x442d7f0) returned failure for request: vtkInformation (0x4435f10)
  Debug: Off
  Modified Time: 372318
  Reference Count: 1
  Registered Events: (none)
  Request: REQUEST_DATA
  FROM_OUTPUT_PORT: 0
  ALGORITHM_AFTER_FORWARD: 1
  FORWARD_DIRECTION: 0

[0m
[0m[31m( 190.101s) [pvserver.0      ]      vtkDataReader.cxx:567    ERR| vtkGenericDataObjectReader (0x442d7f0): Unrecognized file type:  for file: (Null FileName)[0m
[0m[31m( 190.112s) [pvserver.0      ]      vtkDataReader.cxx:567    ERR| vtkGenericDataObjectReader (0x442d7f0): Unrecognized file type:  for file: (Null FileName)[0m
[0m[31m( 190.123s) [pvserver.0      ]      vtkDataReader.cxx:567    ERR| vtkGenericDataObjectReader (0x442d7f0): Unrecognized file type:  for file: (Null FileName)[0m
[0m[31m( 190.123s) [pvserver.0      ]vtkGenericDataObjectRea:356    ERR| vtkGenericDataObjectReader (0x442d7f0): Could not read file [0m
[0m[31m( 190.123s) [pvserver.0      ]       vtkExecutive.cxx:741    ERR| vtkCompositeDataPipeline (0x447c720): Algorithm vtkGenericDataObjectReader (0x442d7f0) returned failure for request: vtkInformation (0x4448ce0)
  Debug: Off
  Modified Time: 372438
  Reference Count: 1
  Registered Events: (none)
  Request: REQUEST_DATA
  FROM_OUTPUT_PORT: 0
  ALGORITHM_AFTER_FORWARD: 1
  FORWARD_DIRECTION: 0

[0m
[0m[31m( 190.133s) [pvserver.0      ]      vtkDataReader.cxx:567    ERR| vtkGenericDataObjectReader (0x442d7f0): Unrecognized file type:  for file: (Null FileName)[0m
[0m[31m( 190.144s) [pvserver.0      ]      vtkDataReader.cxx:567    ERR| vtkGenericDataObjectReader (0x442d7f0): Unrecognized file type:  for file: (Null FileName)[0m
[0m[31m( 190.154s) [pvserver.0      ]      vtkDataReader.cxx:567    ERR| vtkGenericDataObjectReader (0x442d7f0): Unrecognized file type:  for file: (Null FileName)[0m
[0m[31m( 190.154s) [pvserver.0      ]vtkGenericDataObjectRea:356    ERR| vtkGenericDataObjectReader (0x442d7f0): Could not read file [0m
[0m[31m( 190.154s) [pvserver.0      ]       vtkExecutive.cxx:741    ERR| vtkCompositeDataPipeline (0x447c720): Algorithm vtkGenericDataObjectReader (0x442d7f0) returned failure for request: vtkInformation (0x4435ea0)
  Debug: Off
  Modified Time: 372558
  Reference Count: 1
  Registered Events: (none)
  Request: REQUEST_DATA
  FROM_OUTPUT_PORT: 0
  ALGORITHM_AFTER_FORWARD: 1
  FORWARD_DIRECTION: 0

[0m
[0m[31m( 190.165s) [pvserver.0      ]      vtkDataReader.cxx:567    ERR| vtkGenericDataObjectReader (0x442d7f0): Unrecognized file type:  for file: (Null FileName)[0m
[0m[31m( 190.175s) [pvserver.0      ]      vtkDataReader.cxx:567    ERR| vtkGenericDataObjectReader (0x442d7f0): Unrecognized file type:  for file: (Null FileName)[0m
[0m[31m( 190.185s) [pvserver.0      ]      vtkDataReader.cxx:567    ERR| vtkGenericDataObjectReader (0x442d7f0): Unrecognized file type:  for file: (Null FileName)[0m
[0m[31m( 190.185s) [pvserver.0      ]vtkGenericDataObjectRea:356    ERR| vtkGenericDataObjectReader (0x442d7f0): Could not read file [0m
[0m[31m( 190.185s) [pvserver.0      ]       vtkExecutive.cxx:741    ERR| vtkCompositeDataPipeline (0x447c720): Algorithm vtkGenericDataObjectReader (0x442d7f0) returned failure for request: vtkInformation (0x449cbb0)
  Debug: Off
  Modified Time: 372678
  Reference Count: 1
  Registered Events: (none)
  Request: REQUEST_DATA
  FROM_OUTPUT_PORT: 0
  ALGORITHM_AFTER_FORWARD: 1
  FORWARD_DIRECTION: 0

[0m
[0m[31m( 190.196s) [pvserver.0      ]      vtkDataReader.cxx:567    ERR| vtkGenericDataObjectReader (0x442d7f0): Unrecognized file type:  for file: (Null FileName)[0m
[0m[31m( 190.207s) [pvserver.0      ]      vtkDataReader.cxx:567    ERR| vtkGenericDataObjectReader (0x442d7f0): Unrecognized file type:  for file: (Null FileName)[0m
[0m[31m( 190.218s) [pvserver.0      ]      vtkDataReader.cxx:567    ERR| vtkGenericDataObjectReader (0x442d7f0): Unrecognized file type:  for file: (Null FileName)[0m
[0m[31m( 190.218s) [pvserver.0      ]vtkGenericDataObjectRea:356    ERR| vtkGenericDataObjectReader (0x442d7f0): Could not read file [0m
[0m[31m( 190.218s) [pvserver.0      ]       vtkExecutive.cxx:741    ERR| vtkCompositeDataPipeline (0x447c720): Algorithm vtkGenericDataObjectReader (0x442d7f0) returned failure for request: vtkInformation (0x4448090)
  Debug: Off
  Modified Time: 372798
  Reference Count: 1
  Registered Events: (none)
  Request: REQUEST_DATA
  FROM_OUTPUT_PORT: 0
  ALGORITHM_AFTER_FORWARD: 1
  FORWARD_DIRECTION: 0

[0m
[0m[31m( 190.229s) [pvserver.0      ]      vtkDataReader.cxx:567    ERR| vtkGenericDataObjectReader (0x442d7f0): Unrecognized file type:  for file: (Null FileName)[0m
[0m[31m( 190.239s) [pvserver.0      ]      vtkDataReader.cxx:567    ERR| vtkGenericDataObjectReader (0x442d7f0): Unrecognized file type:  for file: (Null FileName)[0m
[0m[31m( 190.249s) [pvserver.0      ]      vtkDataReader.cxx:567    ERR| vtkGenericDataObjectReader (0x442d7f0): Unrecognized file type:  for file: (Null FileName)[0m
[0m[31m( 190.249s) [pvserver.0      ]vtkGenericDataObjectRea:356    ERR| vtkGenericDataObjectReader (0x442d7f0): Could not read file [0m
[0m[31m( 190.249s) [pvserver.0      ]       vtkExecutive.cxx:741    ERR| vtkCompositeDataPipeline (0x447c720): Algorithm vtkGenericDataObjectReader (0x442d7f0) returned failure for request: vtkInformation (0x4448cd0)
  Debug: Off
  Modified Time: 372918
  Reference Count: 1
  Registered Events: (none)
  Request: REQUEST_DATA
  FROM_OUTPUT_PORT: 0
  ALGORITHM_AFTER_FORWARD: 1
  FORWARD_DIRECTION: 0

[0m
[0m[31m( 190.261s) [pvserver.0      ]      vtkDataReader.cxx:567    ERR| vtkGenericDataObjectReader (0x442d7f0): Unrecognized file type:  for file: (Null FileName)[0m
[0m[31m( 190.272s) [pvserver.0      ]      vtkDataReader.cxx:567    ERR| vtkGenericDataObjectReader (0x442d7f0): Unrecognized file type:  for file: (Null FileName)[0m
[0m[31m( 190.283s) [pvserver.0      ]      vtkDataReader.cxx:567    ERR| vtkGenericDataObjectReader (0x442d7f0): Unrecognized file type:  for file: (Null FileName)[0m
[0m[31m( 190.283s) [pvserver.0      ]vtkGenericDataObjectRea:356    ERR| vtkGenericDataObjectReader (0x442d7f0): Could not read file [0m
[0m[31m( 190.283s) [pvserver.0      ]       vtkExecutive.cxx:741    ERR| vtkCompositeDataPipeline (0x447c720): Algorithm vtkGenericDataObjectReader (0x442d7f0) returned failure for request: vtkInformation (0x442c9c0)
  Debug: Off
  Modified Time: 373038
  Reference Count: 1
  Registered Events: (none)
  Request: REQUEST_DATA
  FROM_OUTPUT_PORT: 0
  ALGORITHM_AFTER_FORWARD: 1
  FORWARD_DIRECTION: 0

[0m
[0m[31m( 190.293s) [pvserver.0      ]      vtkDataReader.cxx:567    ERR| vtkGenericDataObjectReader (0x442d7f0): Unrecognized file type:  for file: (Null FileName)[0m
[0m[31m( 190.303s) [pvserver.0      ]      vtkDataReader.cxx:567    ERR| vtkGenericDataObjectReader (0x442d7f0): Unrecognized file type:  for file: (Null FileName)[0m
[0m[31m( 190.314s) [pvserver.0      ]      vtkDataReader.cxx:567    ERR| vtkGenericDataObjectReader (0x442d7f0): Unrecognized file type:  for file: (Null FileName)[0m
[0m[31m( 190.314s) [pvserver.0      ]vtkGenericDataObjectRea:356    ERR| vtkGenericDataObjectReader (0x442d7f0): Could not read file [0m
[0m[31m( 190.314s) [pvserver.0      ]       vtkExecutive.cxx:741    ERR| vtkCompositeDataPipeline (0x447c720): Algorithm vtkGenericDataObjectReader (0x442d7f0) returned failure for request: vtkInformation (0x442d090)
  Debug: Off
  Modified Time: 373158
  Reference Count: 1
  Registered Events: (none)
  Request: REQUEST_DATA
  FROM_OUTPUT_PORT: 0
  ALGORITHM_AFTER_FORWARD: 1
  FORWARD_DIRECTION: 0

[0m
[0m[31m( 190.324s) [pvserver.0      ]      vtkDataReader.cxx:567    ERR| vtkGenericDataObjectReader (0x442d7f0): Unrecognized file type:  for file: (Null FileName)[0m
[0m[31m( 190.335s) [pvserver.0      ]      vtkDataReader.cxx:567    ERR| vtkGenericDataObjectReader (0x442d7f0): Unrecognized file type:  for file: (Null FileName)[0m
[0m[31m( 190.345s) [pvserver.0      ]      vtkDataReader.cxx:567    ERR| vtkGenericDataObjectReader (0x442d7f0): Unrecognized file type:  for file: (Null FileName)[0m
[0m[31m( 190.345s) [pvserver.0      ]vtkGenericDataObjectRea:356    ERR| vtkGenericDataObjectReader (0x442d7f0): Could not read file [0m
[0m[31m( 190.346s) [pvserver.0      ]       vtkExecutive.cxx:741    ERR| vtkCompositeDataPipeline (0x447c720): Algorithm vtkGenericDataObjectReader (0x442d7f0) returned failure for request: vtkInformation (0x449c660)
  Debug: Off
  Modified Time: 373278
  Reference Count: 1
  Registered Events: (none)
  Request: REQUEST_DATA
  FROM_OUTPUT_PORT: 0
  ALGORITHM_AFTER_FORWARD: 1
  FORWARD_DIRECTION: 0

[0m
[0m[31m( 190.356s) [pvserver.0      ]      vtkDataReader.cxx:567    ERR| vtkGenericDataObjectReader (0x442d7f0): Unrecognized file type:  for file: (Null FileName)[0m
[0m[31m( 190.367s) [pvserver.0      ]      vtkDataReader.cxx:567    ERR| vtkGenericDataObjectReader (0x442d7f0): Unrecognized file type:  for file: (Null FileName)[0m
[0m[31m( 190.377s) [pvserver.0      ]      vtkDataReader.cxx:567    ERR| vtkGenericDataObjectReader (0x442d7f0): Unrecognized file type:  for file: (Null FileName)[0m
[0m[31m( 190.377s) [pvserver.0      ]vtkGenericDataObjectRea:356    ERR| vtkGenericDataObjectReader (0x442d7f0): Could not read file [0m
[0m[31m( 190.377s) [pvserver.0      ]       vtkExecutive.cxx:741    ERR| vtkCompositeDataPipeline (0x447c720): Algorithm vtkGenericDataObjectReader (0x442d7f0) returned failure for request: vtkInformation (0x4435610)
  Debug: Off
  Modified Time: 373398
  Reference Count: 1
  Registered Events: (none)
  Request: REQUEST_DATA
  FROM_OUTPUT_PORT: 0
  ALGORITHM_AFTER_FORWARD: 1
  FORWARD_DIRECTION: 0

[0m
[0m[31m( 190.388s) [pvserver.0      ]      vtkDataReader.cxx:567    ERR| vtkGenericDataObjectReader (0x442d7f0): Unrecognized file type:  for file: (Null FileName)[0m
[0m[31m( 190.398s) [pvserver.0      ]      vtkDataReader.cxx:567    ERR| vtkGenericDataObjectReader (0x442d7f0): Unrecognized file type:  for file: (Null FileName)[0m
[0m[31m( 190.409s) [pvserver.0      ]      vtkDataReader.cxx:567    ERR| vtkGenericDataObjectReader (0x442d7f0): Unrecognized file type:  for file: (Null FileName)[0m
[0m[31m( 190.409s) [pvserver.0      ]vtkGenericDataObjectRea:356    ERR| vtkGenericDataObjectReader (0x442d7f0): Could not read file [0m
[0m[31m( 190.409s) [pvserver.0      ]       vtkExecutive.cxx:741    ERR| vtkCompositeDataPipeline (0x447c720): Algorithm vtkGenericDataObjectReader (0x442d7f0) returned failure for request: vtkInformation (0x44aa430)
  Debug: Off
  Modified Time: 373518
  Reference Count: 1
  Registered Events: (none)
  Request: REQUEST_DATA
  FROM_OUTPUT_PORT: 0
  ALGORITHM_AFTER_FORWARD: 1
  FORWARD_DIRECTION: 0

[0m
[0m[31m( 190.419s) [pvserver.0      ]      vtkDataReader.cxx:567    ERR| vtkGenericDataObjectReader (0x442d7f0): Unrecognized file type:  for file: (Null FileName)[0m
[0m[31m( 190.430s) [pvserver.0      ]      vtkDataReader.cxx:567    ERR| vtkGenericDataObjectReader (0x442d7f0): Unrecognized file type:  for file: (Null FileName)[0m
[0m[31m( 190.440s) [pvserver.0      ]      vtkDataReader.cxx:567    ERR| vtkGenericDataObjectReader (0x442d7f0): Unrecognized file type:  for file: (Null FileName)[0m
[0m[31m( 190.440s) [pvserver.0      ]vtkGenericDataObjectRea:356    ERR| vtkGenericDataObjectReader (0x442d7f0): Could not read file [0m
[0m[31m( 190.440s) [pvserver.0      ]       vtkExecutive.cxx:741    ERR| vtkCompositeDataPipeline (0x447c720): Algorithm vtkGenericDataObjectReader (0x442d7f0) returned failure for request: vtkInformation (0x4449170)
  Debug: Off
  Modified Time: 373638
  Reference Count: 1
  Registered Events: (none)
  Request: REQUEST_DATA
  FROM_OUTPUT_PORT: 0
  ALGORITHM_AFTER_FORWARD: 1
  FORWARD_DIRECTION: 0

[0m
[0m[31m( 190.451s) [pvserver.0      ]      vtkDataReader.cxx:567    ERR| vtkGenericDataObjectReader (0x442d7f0): Unrecognized file type:  for file: (Null FileName)[0m
[0m[31m( 190.462s) [pvserver.0      ]      vtkDataReader.cxx:567    ERR| vtkGenericDataObjectReader (0x442d7f0): Unrecognized file type:  for file: (Null FileName)[0m
[0m[31m( 190.473s) [pvserver.0      ]      vtkDataReader.cxx:567    ERR| vtkGenericDataObjectReader (0x442d7f0): Unrecognized file type:  for file: (Null FileName)[0m
[0m[31m( 190.473s) [pvserver.0      ]vtkGenericDataObjectRea:356    ERR| vtkGenericDataObjectReader (0x442d7f0): Could not read file [0m
[0m[31m( 190.473s) [pvserver.0      ]       vtkExecutive.cxx:741    ERR| vtkCompositeDataPipeline (0x447c720): Algorithm vtkGenericDataObjectReader (0x442d7f0) returned failure for request: vtkInformation (0x4435610)
  Debug: Off
  Modified Time: 373758
  Reference Count: 1
  Registered Events: (none)
  Request: REQUEST_DATA
  FROM_OUTPUT_PORT: 0
  ALGORITHM_AFTER_FORWARD: 1
  FORWARD_DIRECTION: 0

[0m
[0m[31m( 190.484s) [pvserver.0      ]      vtkDataReader.cxx:567    ERR| vtkGenericDataObjectReader (0x442d7f0): Unrecognized file type:  for file: (Null FileName)[0m
[0m[31m( 190.495s) [pvserver.0      ]      vtkDataReader.cxx:567    ERR| vtkGenericDataObjectReader (0x442d7f0): Unrecognized file type:  for file: (Null FileName)[0m
[0m[31m( 190.506s) [pvserver.0      ]      vtkDataReader.cxx:567    ERR| vtkGenericDataObjectReader (0x442d7f0): Unrecognized file type:  for file: (Null FileName)[0m
[0m[31m( 190.506s) [pvserver.0      ]vtkGenericDataObjectRea:356    ERR| vtkGenericDataObjectReader (0x442d7f0): Could not read file [0m
[0m[31m( 190.506s) [pvserver.0      ]       vtkExecutive.cxx:741    ERR| vtkCompositeDataPipeline (0x4481380): Algorithm vtkGenericDataObjectReader (0x442d7f0) returned failure for request: vtkInformation (0x44ab020)
  Debug: Off
  Modified Time: 373878
  Reference Count: 1
  Registered Events: (none)
  Request: REQUEST_DATA
  FROM_OUTPUT_PORT: 0
  ALGORITHM_AFTER_FORWARD: 1
  FORWARD_DIRECTION: 0

[0m
[0m[31m( 190.517s) [pvserver.0      ]      vtkDataReader.cxx:567    ERR| vtkGenericDataObjectReader (0x442d7f0): Unrecognized file type:  for file: (Null FileName)[0m
[0m[31m( 190.527s) [pvserver.0      ]      vtkDataReader.cxx:567    ERR| vtkGenericDataObjectReader (0x442d7f0): Unrecognized file type:  for file: (Null FileName)[0m
[0m[31m( 190.537s) [pvserver.0      ]      vtkDataReader.cxx:567    ERR| vtkGenericDataObjectReader (0x442d7f0): Unrecognized file type:  for file: (Null FileName)[0m
[0m[31m( 190.538s) [pvserver.0      ]vtkGenericDataObjectRea:356    ERR| vtkGenericDataObjectReader (0x442d7f0): Could not read file [0m
[0m[31m( 190.538s) [pvserver.0      ]       vtkExecutive.cxx:741    ERR| vtkCompositeDataPipeline (0x4481380): Algorithm vtkGenericDataObjectReader (0x442d7f0) returned failure for request: vtkInformation (0x4481470)
  Debug: Off
  Modified Time: 373998
  Reference Count: 1
  Registered Events: (none)
  Request: REQUEST_DATA
  FROM_OUTPUT_PORT: 0
  ALGORITHM_AFTER_FORWARD: 1
  FORWARD_DIRECTION: 0

[0m
[0m[31m( 190.548s) [pvserver.0      ]      vtkDataReader.cxx:567    ERR| vtkGenericDataObjectReader (0x442d7f0): Unrecognized file type:  for file: (Null FileName)[0m
[0m[31m( 190.558s) [pvserver.0      ]      vtkDataReader.cxx:567    ERR| vtkGenericDataObjectReader (0x442d7f0): Unrecognized file type:  for file: (Null FileName)[0m
[0m[31m( 190.569s) [pvserver.0      ]      vtkDataReader.cxx:567    ERR| vtkGenericDataObjectReader (0x442d7f0): Unrecognized file type:  for file: (Null FileName)[0m
[0m[31m( 190.569s) [pvserver.0      ]vtkGenericDataObjectRea:356    ERR| vtkGenericDataObjectReader (0x442d7f0): Could not read file [0m
[0m[31m( 190.569s) [pvserver.0      ]       vtkExecutive.cxx:741    ERR| vtkCompositeDataPipeline (0x4481380): Algorithm vtkGenericDataObjectReader (0x442d7f0) returned failure for request: vtkInformation (0x4448290)
  Debug: Off
  Modified Time: 374118
  Reference Count: 1
  Registered Events: (none)
  Request: REQUEST_DATA
  FROM_OUTPUT_PORT: 0
  ALGORITHM_AFTER_FORWARD: 1
  FORWARD_DIRECTION: 0

[0m
[0m[31m( 190.580s) [pvserver.0      ]      vtkDataReader.cxx:567    ERR| vtkGenericDataObjectReader (0x442d7f0): Unrecognized file type:  for file: (Null FileName)[0m
[0m[31m( 190.591s) [pvserver.0      ]      vtkDataReader.cxx:567    ERR| vtkGenericDataObjectReader (0x442d7f0): Unrecognized file type:  for file: (Null FileName)[0m
[0m[31m( 190.602s) [pvserver.0      ]      vtkDataReader.cxx:567    ERR| vtkGenericDataObjectReader (0x442d7f0): Unrecognized file type:  for file: (Null FileName)[0m
[0m[31m( 190.602s) [pvserver.0      ]vtkGenericDataObjectRea:356    ERR| vtkGenericDataObjectReader (0x442d7f0): Could not read file [0m
[0m[31m( 190.602s) [pvserver.0      ]       vtkExecutive.cxx:741    ERR| vtkCompositeDataPipeline (0x4481380): Algorithm vtkGenericDataObjectReader (0x442d7f0) returned failure for request: vtkInformation (0x449c260)
  Debug: Off
  Modified Time: 374238
  Reference Count: 1
  Registered Events: (none)
  Request: REQUEST_DATA
  FROM_OUTPUT_PORT: 0
  ALGORITHM_AFTER_FORWARD: 1
  FORWARD_DIRECTION: 0

[0m
[0m[31m( 190.613s) [pvserver.0      ]      vtkDataReader.cxx:567    ERR| vtkGenericDataObjectReader (0x442d7f0): Unrecognized file type:  for file: (Null FileName)[0m
[0m[31m( 190.625s) [pvserver.0      ]      vtkDataReader.cxx:567    ERR| vtkGenericDataObjectReader (0x442d7f0): Unrecognized file type:  for file: (Null FileName)[0m
[0m[31m( 190.636s) [pvserver.0      ]      vtkDataReader.cxx:567    ERR| vtkGenericDataObjectReader (0x442d7f0): Unrecognized file type:  for file: (Null FileName)[0m
[0m[31m( 190.637s) [pvserver.0      ]vtkGenericDataObjectRea:356    ERR| vtkGenericDataObjectReader (0x442d7f0): Could not read file [0m
[0m[31m( 190.637s) [pvserver.0      ]       vtkExecutive.cxx:741    ERR| vtkCompositeDataPipeline (0x4481380): Algorithm vtkGenericDataObjectReader (0x442d7f0) returned failure for request: vtkInformation (0x4481e80)
  Debug: Off
  Modified Time: 374358
  Reference Count: 1
  Registered Events: (none)
  Request: REQUEST_DATA
  FROM_OUTPUT_PORT: 0
  ALGORITHM_AFTER_FORWARD: 1
  FORWARD_DIRECTION: 0

[0m
[0m[31m( 190.647s) [pvserver.0      ]      vtkDataReader.cxx:567    ERR| vtkGenericDataObjectReader (0x442d7f0): Unrecognized file type:  for file: (Null FileName)[0m
[0m[31m( 190.657s) [pvserver.0      ]      vtkDataReader.cxx:567    ERR| vtkGenericDataObjectReader (0x442d7f0): Unrecognized file type:  for file: (Null FileName)[0m
[0m[31m( 190.668s) [pvserver.0      ]      vtkDataReader.cxx:567    ERR| vtkGenericDataObjectReader (0x442d7f0): Unrecognized file type:  for file: (Null FileName)[0m
[0m[31m( 190.668s) [pvserver.0      ]vtkGenericDataObjectRea:356    ERR| vtkGenericDataObjectReader (0x442d7f0): Could not read file [0m
[0m[31m( 190.668s) [pvserver.0      ]       vtkExecutive.cxx:741    ERR| vtkCompositeDataPipeline (0x4481380): Algorithm vtkGenericDataObjectReader (0x442d7f0) returned failure for request: vtkInformation (0x4482500)
  Debug: Off
  Modified Time: 374478
  Reference Count: 1
  Registered Events: (none)
  Request: REQUEST_DATA
  FROM_OUTPUT_PORT: 0
  ALGORITHM_AFTER_FORWARD: 1
  FORWARD_DIRECTION: 0

[0m
[0m[31m( 190.679s) [pvserver.0      ]      vtkDataReader.cxx:567    ERR| vtkGenericDataObjectReader (0x442d7f0): Unrecognized file type:  for file: (Null FileName)[0m
[0m[31m( 190.690s) [pvserver.0      ]      vtkDataReader.cxx:567    ERR| vtkGenericDataObjectReader (0x442d7f0): Unrecognized file type:  for file: (Null FileName)[0m
[0m[31m( 190.700s) [pvserver.0      ]      vtkDataReader.cxx:567    ERR| vtkGenericDataObjectReader (0x442d7f0): Unrecognized file type:  for file: (Null FileName)[0m
[0m[31m( 190.701s) [pvserver.0      ]vtkGenericDataObjectRea:356    ERR| vtkGenericDataObjectReader (0x442d7f0): Could not read file [0m
[0m[31m( 190.701s) [pvserver.0      ]       vtkExecutive.cxx:741    ERR| vtkCompositeDataPipeline (0x4481380): Algorithm vtkGenericDataObjectReader (0x442d7f0) returned failure for request: vtkInformation (0x4481940)
  Debug: Off
  Modified Time: 374598
  Reference Count: 1
  Registered Events: (none)
  Request: REQUEST_DATA
  FROM_OUTPUT_PORT: 0
  ALGORITHM_AFTER_FORWARD: 1
  FORWARD_DIRECTION: 0

[0m
[0m[31m( 190.711s) [pvserver.0      ]      vtkDataReader.cxx:567    ERR| vtkGenericDataObjectReader (0x442d7f0): Unrecognized file type:  for file: (Null FileName)[0m
[0m[31m( 190.721s) [pvserver.0      ]      vtkDataReader.cxx:567    ERR| vtkGenericDataObjectReader (0x442d7f0): Unrecognized file type:  for file: (Null FileName)[0m
[0m[31m( 190.732s) [pvserver.0      ]      vtkDataReader.cxx:567    ERR| vtkGenericDataObjectReader (0x442d7f0): Unrecognized file type:  for file: (Null FileName)[0m
[0m[31m( 190.732s) [pvserver.0      ]vtkGenericDataObjectRea:356    ERR| vtkGenericDataObjectReader (0x442d7f0): Could not read file [0m
[0m[31m( 190.732s) [pvserver.0      ]       vtkExecutive.cxx:741    ERR| vtkCompositeDataPipeline (0x4481380): Algorithm vtkGenericDataObjectReader (0x442d7f0) returned failure for request: vtkInformation (0x44aae00)
  Debug: Off
  Modified Time: 374718
  Reference Count: 1
  Registered Events: (none)
  Request: REQUEST_DATA
  FROM_OUTPUT_PORT: 0
  ALGORITHM_AFTER_FORWARD: 1
  FORWARD_DIRECTION: 0

[0m
[0m[31m( 190.742s) [pvserver.0      ]      vtkDataReader.cxx:567    ERR| vtkGenericDataObjectReader (0x442d7f0): Unrecognized file type:  for file: (Null FileName)[0m
[0m[31m( 190.753s) [pvserver.0      ]      vtkDataReader.cxx:567    ERR| vtkGenericDataObjectReader (0x442d7f0): Unrecognized file type:  for file: (Null FileName)[0m
[0m[31m( 190.763s) [pvserver.0      ]      vtkDataReader.cxx:567    ERR| vtkGenericDataObjectReader (0x442d7f0): Unrecognized file type:  for file: (Null FileName)[0m
[0m[31m( 190.763s) [pvserver.0      ]vtkGenericDataObjectRea:356    ERR| vtkGenericDataObjectReader (0x442d7f0): Could not read file [0m
[0m[31m( 190.764s) [pvserver.0      ]       vtkExecutive.cxx:741    ERR| vtkCompositeDataPipeline (0x4481380): Algorithm vtkGenericDataObjectReader (0x442d7f0) returned failure for request: vtkInformation (0x44aad70)
  Debug: Off
  Modified Time: 374838
  Reference Count: 1
  Registered Events: (none)
  Request: REQUEST_DATA
  FROM_OUTPUT_PORT: 0
  ALGORITHM_AFTER_FORWARD: 1
  FORWARD_DIRECTION: 0

[0m
[0m[31m( 190.774s) [pvserver.0      ]      vtkDataReader.cxx:567    ERR| vtkGenericDataObjectReader (0x442d7f0): Unrecognized file type:  for file: (Null FileName)[0m
[0m[31m( 190.785s) [pvserver.0      ]      vtkDataReader.cxx:567    ERR| vtkGenericDataObjectReader (0x442d7f0): Unrecognized file type:  for file: (Null FileName)[0m
[0m[31m( 190.795s) [pvserver.0      ]      vtkDataReader.cxx:567    ERR| vtkGenericDataObjectReader (0x442d7f0): Unrecognized file type:  for file: (Null FileName)[0m
[0m[31m( 190.795s) [pvserver.0      ]vtkGenericDataObjectRea:356    ERR| vtkGenericDataObjectReader (0x442d7f0): Could not read file [0m
[0m[31m( 190.795s) [pvserver.0      ]       vtkExecutive.cxx:741    ERR| vtkCompositeDataPipeline (0x4481380): Algorithm vtkGenericDataObjectReader (0x442d7f0) returned failure for request: vtkInformation (0x4413ec0)
  Debug: Off
  Modified Time: 374958
  Reference Count: 1
  Registered Events: (none)
  Request: REQUEST_DATA
  FROM_OUTPUT_PORT: 0
  ALGORITHM_AFTER_FORWARD: 1
  FORWARD_DIRECTION: 0

[0m
[0m[31m( 190.806s) [pvserver.0      ]      vtkDataReader.cxx:567    ERR| vtkGenericDataObjectReader (0x442d7f0): Unrecognized file type:  for file: (Null FileName)[0m
[0m[31m( 190.816s) [pvserver.0      ]      vtkDataReader.cxx:567    ERR| vtkGenericDataObjectReader (0x442d7f0): Unrecognized file type:  for file: (Null FileName)[0m
[0m[31m( 190.827s) [pvserver.0      ]      vtkDataReader.cxx:567    ERR| vtkGenericDataObjectReader (0x442d7f0): Unrecognized file type:  for file: (Null FileName)[0m
[0m[31m( 190.827s) [pvserver.0      ]vtkGenericDataObjectRea:356    ERR| vtkGenericDataObjectReader (0x442d7f0): Could not read file [0m
[0m[31m( 190.827s) [pvserver.0      ]       vtkExecutive.cxx:741    ERR| vtkCompositeDataPipeline (0x4481380): Algorithm vtkGenericDataObjectReader (0x442d7f0) returned failure for request: vtkInformation (0x4482360)
  Debug: Off
  Modified Time: 375078
  Reference Count: 1
  Registered Events: (none)
  Request: REQUEST_DATA
  FROM_OUTPUT_PORT: 0
  ALGORITHM_AFTER_FORWARD: 1
  FORWARD_DIRECTION: 0

[0m
[0m[31m( 190.837s) [pvserver.0      ]      vtkDataReader.cxx:567    ERR| vtkGenericDataObjectReader (0x442d7f0): Unrecognized file type:  for file: (Null FileName)[0m
[0m[31m( 190.848s) [pvserver.0      ]      vtkDataReader.cxx:567    ERR| vtkGenericDataObjectReader (0x442d7f0): Unrecognized file type:  for file: (Null FileName)[0m
[0m[31m( 190.858s) [pvserver.0      ]      vtkDataReader.cxx:567    ERR| vtkGenericDataObjectReader (0x442d7f0): Unrecognized file type:  for file: (Null FileName)[0m
[0m[31m( 190.858s) [pvserver.0      ]vtkGenericDataObjectRea:356    ERR| vtkGenericDataObjectReader (0x442d7f0): Could not read file [0m
[0m[31m( 190.858s) [pvserver.0      ]       vtkExecutive.cxx:741    ERR| vtkCompositeDataPipeline (0x4481380): Algorithm vtkGenericDataObjectReader (0x442d7f0) returned failure for request: vtkInformation (0x44136d0)
  Debug: Off
  Modified Time: 375198
  Reference Count: 1
  Registered Events: (none)
  Request: REQUEST_DATA
  FROM_OUTPUT_PORT: 0
  ALGORITHM_AFTER_FORWARD: 1
  FORWARD_DIRECTION: 0

[0m
[0m[31m( 190.869s) [pvserver.0      ]      vtkDataReader.cxx:567    ERR| vtkGenericDataObjectReader (0x442d7f0): Unrecognized file type:  for file: (Null FileName)[0m
[0m[31m( 190.880s) [pvserver.0      ]      vtkDataReader.cxx:567    ERR| vtkGenericDataObjectReader (0x442d7f0): Unrecognized file type:  for file: (Null FileName)[0m
[0m[31m( 190.891s) [pvserver.0      ]      vtkDataReader.cxx:567    ERR| vtkGenericDataObjectReader (0x442d7f0): Unrecognized file type:  for file: (Null FileName)[0m
[0m[31m( 190.891s) [pvserver.0      ]vtkGenericDataObjectRea:356    ERR| vtkGenericDataObjectReader (0x442d7f0): Could not read file [0m
[0m[31m( 190.892s) [pvserver.0      ]       vtkExecutive.cxx:741    ERR| vtkCompositeDataPipeline (0x4481380): Algorithm vtkGenericDataObjectReader (0x442d7f0) returned failure for request: vtkInformation (0x44141f0)
  Debug: Off
  Modified Time: 375318
  Reference Count: 1
  Registered Events: (none)
  Request: REQUEST_DATA
  FROM_OUTPUT_PORT: 0
  ALGORITHM_AFTER_FORWARD: 1
  FORWARD_DIRECTION: 0

[0m
[0m[31m( 190.902s) [pvserver.0      ]      vtkDataReader.cxx:567    ERR| vtkGenericDataObjectReader (0x442d7f0): Unrecognized file type:  for file: (Null FileName)[0m
[0m[31m( 190.913s) [pvserver.0      ]      vtkDataReader.cxx:567    ERR| vtkGenericDataObjectReader (0x442d7f0): Unrecognized file type:  for file: (Null FileName)[0m
[0m[31m( 190.923s) [pvserver.0      ]      vtkDataReader.cxx:567    ERR| vtkGenericDataObjectReader (0x442d7f0): Unrecognized file type:  for file: (Null FileName)[0m
[0m[31m( 190.923s) [pvserver.0      ]vtkGenericDataObjectRea:356    ERR| vtkGenericDataObjectReader (0x442d7f0): Could not read file [0m
[0m[31m( 190.923s) [pvserver.0      ]       vtkExecutive.cxx:741    ERR| vtkCompositeDataPipeline (0x4481380): Algorithm vtkGenericDataObjectReader (0x442d7f0) returned failure for request: vtkInformation (0x4414130)
  Debug: Off
  Modified Time: 375438
  Reference Count: 1
  Registered Events: (none)
  Request: REQUEST_DATA
  FROM_OUTPUT_PORT: 0
  ALGORITHM_AFTER_FORWARD: 1
  FORWARD_DIRECTION: 0

[0m
[0m[31m( 190.934s) [pvserver.0      ]      vtkDataReader.cxx:567    ERR| vtkGenericDataObjectReader (0x442d7f0): Unrecognized file type:  for file: (Null FileName)[0m
[0m[31m( 190.945s) [pvserver.0      ]      vtkDataReader.cxx:567    ERR| vtkGenericDataObjectReader (0x442d7f0): Unrecognized file type:  for file: (Null FileName)[0m
[0m[31m( 190.956s) [pvserver.0      ]      vtkDataReader.cxx:567    ERR| vtkGenericDataObjectReader (0x442d7f0): Unrecognized file type:  for file: (Null FileName)[0m
[0m[31m( 190.956s) [pvserver.0      ]vtkGenericDataObjectRea:356    ERR| vtkGenericDataObjectReader (0x442d7f0): Could not read file [0m
[0m[31m( 190.956s) [pvserver.0      ]       vtkExecutive.cxx:741    ERR| vtkCompositeDataPipeline (0x4481380): Algorithm vtkGenericDataObjectReader (0x442d7f0) returned failure for request: vtkInformation (0x44668a0)
  Debug: Off
  Modified Time: 375558
  Reference Count: 1
  Registered Events: (none)
  Request: REQUEST_DATA
  FROM_OUTPUT_PORT: 0
  ALGORITHM_AFTER_FORWARD: 1
  FORWARD_DIRECTION: 0

[0m
[0m[31m( 190.967s) [pvserver.0      ]      vtkDataReader.cxx:567    ERR| vtkGenericDataObjectReader (0x442d7f0): Unrecognized file type:  for file: (Null FileName)[0m
[0m[31m( 190.978s) [pvserver.0      ]      vtkDataReader.cxx:567    ERR| vtkGenericDataObjectReader (0x442d7f0): Unrecognized file type:  for file: (Null FileName)[0m
[0m[31m( 190.989s) [pvserver.0      ]      vtkDataReader.cxx:567    ERR| vtkGenericDataObjectReader (0x442d7f0): Unrecognized file type:  for file: (Null FileName)[0m
[0m[31m( 190.989s) [pvserver.0      ]vtkGenericDataObjectRea:356    ERR| vtkGenericDataObjectReader (0x442d7f0): Could not read file [0m
[0m[31m( 190.989s) [pvserver.0      ]       vtkExecutive.cxx:741    ERR| vtkCompositeDataPipeline (0x4481380): Algorithm vtkGenericDataObjectReader (0x442d7f0) returned failure for request: vtkInformation (0x44822f0)
  Debug: Off
  Modified Time: 375678
  Reference Count: 1
  Registered Events: (none)
  Request: REQUEST_DATA
  FROM_OUTPUT_PORT: 0
  ALGORITHM_AFTER_FORWARD: 1
  FORWARD_DIRECTION: 0

[0m
[0m[31m( 191.000s) [pvserver.0      ]      vtkDataReader.cxx:567    ERR| vtkGenericDataObjectReader (0x442d7f0): Unrecognized file type:  for file: (Null FileName)[0m
[0m[31m( 191.011s) [pvserver.0      ]      vtkDataReader.cxx:567    ERR| vtkGenericDataObjectReader (0x442d7f0): Unrecognized file type:  for file: (Null FileName)[0m
[0m[31m( 191.021s) [pvserver.0      ]      vtkDataReader.cxx:567    ERR| vtkGenericDataObjectReader (0x442d7f0): Unrecognized file type:  for file: (Null FileName)[0m
[0m[31m( 191.021s) [pvserver.0      ]vtkGenericDataObjectRea:356    ERR| vtkGenericDataObjectReader (0x442d7f0): Could not read file [0m
[0m[31m( 191.021s) [pvserver.0      ]       vtkExecutive.cxx:741    ERR| vtkCompositeDataPipeline (0x4481380): Algorithm vtkGenericDataObjectReader (0x442d7f0) returned failure for request: vtkInformation (0x4466c70)
  Debug: Off
  Modified Time: 375798
  Reference Count: 1
  Registered Events: (none)
  Request: REQUEST_DATA
  FROM_OUTPUT_PORT: 0
  ALGORITHM_AFTER_FORWARD: 1
  FORWARD_DIRECTION: 0

[0m
[0m[31m( 191.032s) [pvserver.0      ]      vtkDataReader.cxx:567    ERR| vtkGenericDataObjectReader (0x442d7f0): Unrecognized file type:  for file: (Null FileName)[0m
[0m[31m( 191.043s) [pvserver.0      ]      vtkDataReader.cxx:567    ERR| vtkGenericDataObjectReader (0x442d7f0): Unrecognized file type:  for file: (Null FileName)[0m
[0m[31m( 191.054s) [pvserver.0      ]      vtkDataReader.cxx:567    ERR| vtkGenericDataObjectReader (0x442d7f0): Unrecognized file type:  for file: (Null FileName)[0m
[0m[31m( 191.054s) [pvserver.0      ]vtkGenericDataObjectRea:356    ERR| vtkGenericDataObjectReader (0x442d7f0): Could not read file [0m
[0m[31m( 191.054s) [pvserver.0      ]       vtkExecutive.cxx:741    ERR| vtkCompositeDataPipeline (0x4481380): Algorithm vtkGenericDataObjectReader (0x442d7f0) returned failure for request: vtkInformation (0x44133b0)
  Debug: Off
  Modified Time: 375918
  Reference Count: 1
  Registered Events: (none)
  Request: REQUEST_DATA
  FROM_OUTPUT_PORT: 0
  ALGORITHM_AFTER_FORWARD: 1
  FORWARD_DIRECTION: 0

[0m
[0m[31m( 191.064s) [pvserver.0      ]      vtkDataReader.cxx:567    ERR| vtkGenericDataObjectReader (0x442d7f0): Unrecognized file type:  for file: (Null FileName)[0m
[0m[31m( 191.075s) [pvserver.0      ]      vtkDataReader.cxx:567    ERR| vtkGenericDataObjectReader (0x442d7f0): Unrecognized file type:  for file: (Null FileName)[0m
[0m[31m( 191.085s) [pvserver.0      ]      vtkDataReader.cxx:567    ERR| vtkGenericDataObjectReader (0x442d7f0): Unrecognized file type:  for file: (Null FileName)[0m
[0m[31m( 191.085s) [pvserver.0      ]vtkGenericDataObjectRea:356    ERR| vtkGenericDataObjectReader (0x442d7f0): Could not read file [0m
[0m[31m( 191.085s) [pvserver.0      ]       vtkExecutive.cxx:741    ERR| vtkCompositeDataPipeline (0x4466b40): Algorithm vtkGenericDataObjectReader (0x442d7f0) returned failure for request: vtkInformation (0x4464bc0)
  Debug: Off
  Modified Time: 376038
  Reference Count: 1
  Registered Events: (none)
  Request: REQUEST_DATA
  FROM_OUTPUT_PORT: 0
  ALGORITHM_AFTER_FORWARD: 1
  FORWARD_DIRECTION: 0

[0m
[0m[31m( 191.096s) [pvserver.0      ]      vtkDataReader.cxx:567    ERR| vtkGenericDataObjectReader (0x442d7f0): Unrecognized file type:  for file: (Null FileName)[0m
[0m[31m( 191.106s) [pvserver.0      ]      vtkDataReader.cxx:567    ERR| vtkGenericDataObjectReader (0x442d7f0): Unrecognized file type:  for file: (Null FileName)[0m
[0m[31m( 191.116s) [pvserver.0      ]      vtkDataReader.cxx:567    ERR| vtkGenericDataObjectReader (0x442d7f0): Unrecognized file type:  for file: (Null FileName)[0m
[0m[31m( 191.116s) [pvserver.0      ]vtkGenericDataObjectRea:356    ERR| vtkGenericDataObjectReader (0x442d7f0): Could not read file [0m
[0m[31m( 191.116s) [pvserver.0      ]       vtkExecutive.cxx:741    ERR| vtkCompositeDataPipeline (0x4466b40): Algorithm vtkGenericDataObjectReader (0x442d7f0) returned failure for request: vtkInformation (0x4464650)
  Debug: Off
  Modified Time: 376158
  Reference Count: 1
  Registered Events: (none)
  Request: REQUEST_DATA
  FROM_OUTPUT_PORT: 0
  ALGORITHM_AFTER_FORWARD: 1
  FORWARD_DIRECTION: 0

[0m
[0m[31m( 191.127s) [pvserver.0      ]      vtkDataReader.cxx:567    ERR| vtkGenericDataObjectReader (0x442d7f0): Unrecognized file type:  for file: (Null FileName)[0m
[0m[31m( 191.138s) [pvserver.0      ]      vtkDataReader.cxx:567    ERR| vtkGenericDataObjectReader (0x442d7f0): Unrecognized file type:  for file: (Null FileName)[0m
[0m[31m( 191.148s) [pvserver.0      ]      vtkDataReader.cxx:567    ERR| vtkGenericDataObjectReader (0x442d7f0): Unrecognized file type:  for file: (Null FileName)[0m
[0m[31m( 191.148s) [pvserver.0      ]vtkGenericDataObjectRea:356    ERR| vtkGenericDataObjectReader (0x442d7f0): Could not read file [0m
[0m[31m( 191.148s) [pvserver.0      ]       vtkExecutive.cxx:741    ERR| vtkCompositeDataPipeline (0x4466b20): Algorithm vtkGenericDataObjectReader (0x442d7f0) returned failure for request: vtkInformation (0x44650b0)
  Debug: Off
  Modified Time: 376278
  Reference Count: 1
  Registered Events: (none)
  Request: REQUEST_DATA
  FROM_OUTPUT_PORT: 0
  ALGORITHM_AFTER_FORWARD: 1
  FORWARD_DIRECTION: 0

[0m
[0m[31m( 191.159s) [pvserver.0      ]      vtkDataReader.cxx:567    ERR| vtkGenericDataObjectReader (0x442d7f0): Unrecognized file type:  for file: (Null FileName)[0m
[0m[31m( 191.169s) [pvserver.0      ]      vtkDataReader.cxx:567    ERR| vtkGenericDataObjectReader (0x442d7f0): Unrecognized file type:  for file: (Null FileName)[0m
[0m[31m( 191.180s) [pvserver.0      ]      vtkDataReader.cxx:567    ERR| vtkGenericDataObjectReader (0x442d7f0): Unrecognized file type:  for file: (Null FileName)[0m
[0m[31m( 191.180s) [pvserver.0      ]vtkGenericDataObjectRea:356    ERR| vtkGenericDataObjectReader (0x442d7f0): Could not read file [0m
[0m[31m( 191.180s) [pvserver.0      ]       vtkExecutive.cxx:741    ERR| vtkCompositeDataPipeline (0x4466b20): Algorithm vtkGenericDataObjectReader (0x442d7f0) returned failure for request: vtkInformation (0x4466a10)
  Debug: Off
  Modified Time: 376398
  Reference Count: 1
  Registered Events: (none)
  Request: REQUEST_DATA
  FROM_OUTPUT_PORT: 0
  ALGORITHM_AFTER_FORWARD: 1
  FORWARD_DIRECTION: 0

[0m
[0m[31m( 191.190s) [pvserver.0      ]      vtkDataReader.cxx:567    ERR| vtkGenericDataObjectReader (0x442d7f0): Unrecognized file type:  for file: (Null FileName)[0m
[0m[31m( 191.201s) [pvserver.0      ]      vtkDataReader.cxx:567    ERR| vtkGenericDataObjectReader (0x442d7f0): Unrecognized file type:  for file: (Null FileName)[0m
[0m[31m( 191.211s) [pvserver.0      ]      vtkDataReader.cxx:567    ERR| vtkGenericDataObjectReader (0x442d7f0): Unrecognized file type:  for file: (Null FileName)[0m
[0m[31m( 191.211s) [pvserver.0      ]vtkGenericDataObjectRea:356    ERR| vtkGenericDataObjectReader (0x442d7f0): Could not read file [0m
[0m[31m( 191.212s) [pvserver.0      ]       vtkExecutive.cxx:741    ERR| vtkCompositeDataPipeline (0x4466b20): Algorithm vtkGenericDataObjectReader (0x442d7f0) returned failure for request: vtkInformation (0x4481470)
  Debug: Off
  Modified Time: 376518
  Reference Count: 1
  Registered Events: (none)
  Request: REQUEST_DATA
  FROM_OUTPUT_PORT: 0
  ALGORITHM_AFTER_FORWARD: 1
  FORWARD_DIRECTION: 0

[0m
[0m[31m( 191.223s) [pvserver.0      ]      vtkDataReader.cxx:567    ERR| vtkGenericDataObjectReader (0x442d7f0): Unrecognized file type:  for file: (Null FileName)[0m
[0m[31m( 191.234s) [pvserver.0      ]      vtkDataReader.cxx:567    ERR| vtkGenericDataObjectReader (0x442d7f0): Unrecognized file type:  for file: (Null FileName)[0m
[0m[31m( 191.245s) [pvserver.0      ]      vtkDataReader.cxx:567    ERR| vtkGenericDataObjectReader (0x442d7f0): Unrecognized file type:  for file: (Null FileName)[0m
[0m[31m( 191.245s) [pvserver.0      ]vtkGenericDataObjectRea:356    ERR| vtkGenericDataObjectReader (0x442d7f0): Could not read file [0m
[0m[31m( 191.245s) [pvserver.0      ]       vtkExecutive.cxx:741    ERR| vtkCompositeDataPipeline (0x4466b00): Algorithm vtkGenericDataObjectReader (0x442d7f0) returned failure for request: vtkInformation (0x44651a0)
  Debug: Off
  Modified Time: 376638
  Reference Count: 1
  Registered Events: (none)
  Request: REQUEST_DATA
  FROM_OUTPUT_PORT: 0
  ALGORITHM_AFTER_FORWARD: 1
  FORWARD_DIRECTION: 0

[0m
[0m[31m( 191.255s) [pvserver.0      ]      vtkDataReader.cxx:567    ERR| vtkGenericDataObjectReader (0x442d7f0): Unrecognized file type:  for file: (Null FileName)[0m
[0m[31m( 191.266s) [pvserver.0      ]      vtkDataReader.cxx:567    ERR| vtkGenericDataObjectReader (0x442d7f0): Unrecognized file type:  for file: (Null FileName)[0m
[0m[31m( 191.276s) [pvserver.0      ]      vtkDataReader.cxx:567    ERR| vtkGenericDataObjectReader (0x442d7f0): Unrecognized file type:  for file: (Null FileName)[0m
[0m[31m( 191.276s) [pvserver.0      ]vtkGenericDataObjectRea:356    ERR| vtkGenericDataObjectReader (0x442d7f0): Could not read file [0m
[0m[31m( 191.276s) [pvserver.0      ]       vtkExecutive.cxx:741    ERR| vtkCompositeDataPipeline (0x4466b00): Algorithm vtkGenericDataObjectReader (0x442d7f0) returned failure for request: vtkInformation (0x44650b0)
  Debug: Off
  Modified Time: 376758
  Reference Count: 1
  Registered Events: (none)
  Request: REQUEST_DATA
  FROM_OUTPUT_PORT: 0
  ALGORITHM_AFTER_FORWARD: 1
  FORWARD_DIRECTION: 0

[0m
[0m[31m( 191.288s) [pvserver.0      ]      vtkDataReader.cxx:567    ERR| vtkGenericDataObjectReader (0x442d7f0): Unrecognized file type:  for file: (Null FileName)[0m
[0m[31m( 191.300s) [pvserver.0      ]      vtkDataReader.cxx:567    ERR| vtkGenericDataObjectReader (0x442d7f0): Unrecognized file type:  for file: (Null FileName)[0m
[0m[31m( 191.311s) [pvserver.0      ]      vtkDataReader.cxx:567    ERR| vtkGenericDataObjectReader (0x442d7f0): Unrecognized file type:  for file: (Null FileName)[0m
[0m[31m( 191.311s) [pvserver.0      ]vtkGenericDataObjectRea:356    ERR| vtkGenericDataObjectReader (0x442d7f0): Could not read file [0m
[0m[31m( 191.311s) [pvserver.0      ]       vtkExecutive.cxx:741    ERR| vtkCompositeDataPipeline (0x44461d0): Algorithm vtkGenericDataObjectReader (0x442d7f0) returned failure for request: vtkInformation (0x4465040)
  Debug: Off
  Modified Time: 376878
  Reference Count: 1
  Registered Events: (none)
  Request: REQUEST_DATA
  FROM_OUTPUT_PORT: 0
  ALGORITHM_AFTER_FORWARD: 1
  FORWARD_DIRECTION: 0

[0m
[0m[31m( 191.322s) [pvserver.0      ]      vtkDataReader.cxx:567    ERR| vtkGenericDataObjectReader (0x442d7f0): Unrecognized file type:  for file: (Null FileName)[0m
[0m[31m( 191.333s) [pvserver.0      ]      vtkDataReader.cxx:567    ERR| vtkGenericDataObjectReader (0x442d7f0): Unrecognized file type:  for file: (Null FileName)[0m
[0m[31m( 191.344s) [pvserver.0      ]      vtkDataReader.cxx:567    ERR| vtkGenericDataObjectReader (0x442d7f0): Unrecognized file type:  for file: (Null FileName)[0m
[0m[31m( 191.344s) [pvserver.0      ]vtkGenericDataObjectRea:356    ERR| vtkGenericDataObjectReader (0x442d7f0): Could not read file [0m
[0m[31m( 191.344s) [pvserver.0      ]       vtkExecutive.cxx:741    ERR| vtkCompositeDataPipeline (0x44461d0): Algorithm vtkGenericDataObjectReader (0x442d7f0) returned failure for request: vtkInformation (0x4446430)
  Debug: Off
  Modified Time: 376998
  Reference Count: 1
  Registered Events: (none)
  Request: REQUEST_DATA
  FROM_OUTPUT_PORT: 0
  ALGORITHM_AFTER_FORWARD: 1
  FORWARD_DIRECTION: 0

[0m
[0m[31m( 191.355s) [pvserver.0      ]      vtkDataReader.cxx:567    ERR| vtkGenericDataObjectReader (0x442d7f0): Unrecognized file type:  for file: (Null FileName)[0m
[0m[31m( 191.365s) [pvserver.0      ]      vtkDataReader.cxx:567    ERR| vtkGenericDataObjectReader (0x442d7f0): Unrecognized file type:  for file: (Null FileName)[0m
[0m[31m( 191.376s) [pvserver.0      ]      vtkDataReader.cxx:567    ERR| vtkGenericDataObjectReader (0x442d7f0): Unrecognized file type:  for file: (Null FileName)[0m
[0m[31m( 191.376s) [pvserver.0      ]vtkGenericDataObjectRea:356    ERR| vtkGenericDataObjectReader (0x442d7f0): Could not read file [0m
[0m[31m( 191.376s) [pvserver.0      ]       vtkExecutive.cxx:741    ERR| vtkCompositeDataPipeline (0x44461d0): Algorithm vtkGenericDataObjectReader (0x442d7f0) returned failure for request: vtkInformation (0x4446980)
  Debug: Off
  Modified Time: 377118
  Reference Count: 1
  Registered Events: (none)
  Request: REQUEST_DATA
  FROM_OUTPUT_PORT: 0
  ALGORITHM_AFTER_FORWARD: 1
  FORWARD_DIRECTION: 0

[0m
[0m[31m( 191.386s) [pvserver.0      ]      vtkDataReader.cxx:567    ERR| vtkGenericDataObjectReader (0x442d7f0): Unrecognized file type:  for file: (Null FileName)[0m
[0m[31m( 191.397s) [pvserver.0      ]      vtkDataReader.cxx:567    ERR| vtkGenericDataObjectReader (0x442d7f0): Unrecognized file type:  for file: (Null FileName)[0m
[0m[31m( 191.407s) [pvserver.0      ]      vtkDataReader.cxx:567    ERR| vtkGenericDataObjectReader (0x442d7f0): Unrecognized file type:  for file: (Null FileName)[0m
[0m[31m( 191.407s) [pvserver.0      ]vtkGenericDataObjectRea:356    ERR| vtkGenericDataObjectReader (0x442d7f0): Could not read file [0m
[0m[31m( 191.407s) [pvserver.0      ]       vtkExecutive.cxx:741    ERR| vtkCompositeDataPipeline (0x44461d0): Algorithm vtkGenericDataObjectReader (0x442d7f0) returned failure for request: vtkInformation (0x4446660)
  Debug: Off
  Modified Time: 377238
  Reference Count: 1
  Registered Events: (none)
  Request: REQUEST_DATA
  FROM_OUTPUT_PORT: 0
  ALGORITHM_AFTER_FORWARD: 1
  FORWARD_DIRECTION: 0

[0m
[0m[31m( 191.418s) [pvserver.0      ]      vtkDataReader.cxx:567    ERR| vtkGenericDataObjectReader (0x442d7f0): Unrecognized file type:  for file: (Null FileName)[0m
[0m[31m( 191.429s) [pvserver.0      ]      vtkDataReader.cxx:567    ERR| vtkGenericDataObjectReader (0x442d7f0): Unrecognized file type:  for file: (Null FileName)[0m
[0m[31m( 191.440s) [pvserver.0      ]      vtkDataReader.cxx:567    ERR| vtkGenericDataObjectReader (0x442d7f0): Unrecognized file type:  for file: (Null FileName)[0m
[0m[31m( 191.440s) [pvserver.0      ]vtkGenericDataObjectRea:356    ERR| vtkGenericDataObjectReader (0x442d7f0): Could not read file [0m
[0m[31m( 191.440s) [pvserver.0      ]       vtkExecutive.cxx:741    ERR| vtkCompositeDataPipeline (0x44461d0): Algorithm vtkGenericDataObjectReader (0x442d7f0) returned failure for request: vtkInformation (0x4447010)
  Debug: Off
  Modified Time: 377358
  Reference Count: 1
  Registered Events: (none)
  Request: REQUEST_DATA
  FROM_OUTPUT_PORT: 0
  ALGORITHM_AFTER_FORWARD: 1
  FORWARD_DIRECTION: 0

[0m
[0m[31m( 191.451s) [pvserver.0      ]      vtkDataReader.cxx:567    ERR| vtkGenericDataObjectReader (0x442d7f0): Unrecognized file type:  for file: (Null FileName)[0m
[0m[31m( 191.462s) [pvserver.0      ]      vtkDataReader.cxx:567    ERR| vtkGenericDataObjectReader (0x442d7f0): Unrecognized file type:  for file: (Null FileName)[0m
[0m[31m( 191.473s) [pvserver.0      ]      vtkDataReader.cxx:567    ERR| vtkGenericDataObjectReader (0x442d7f0): Unrecognized file type:  for file: (Null FileName)[0m
[0m[31m( 191.473s) [pvserver.0      ]vtkGenericDataObjectRea:356    ERR| vtkGenericDataObjectReader (0x442d7f0): Could not read file [0m
[0m[31m( 191.473s) [pvserver.0      ]       vtkExecutive.cxx:741    ERR| vtkCompositeDataPipeline (0x44461d0): Algorithm vtkGenericDataObjectReader (0x442d7f0) returned failure for request: vtkInformation (0x4465b30)
  Debug: Off
  Modified Time: 377478
  Reference Count: 1
  Registered Events: (none)
  Request: REQUEST_DATA
  FROM_OUTPUT_PORT: 0
  ALGORITHM_AFTER_FORWARD: 1
  FORWARD_DIRECTION: 0

[0m
[0m[31m( 191.484s) [pvserver.0      ]      vtkDataReader.cxx:567    ERR| vtkGenericDataObjectReader (0x442d7f0): Unrecognized file type:  for file: (Null FileName)[0m
[0m[31m( 191.495s) [pvserver.0      ]      vtkDataReader.cxx:567    ERR| vtkGenericDataObjectReader (0x442d7f0): Unrecognized file type:  for file: (Null FileName)[0m
[0m[31m( 191.506s) [pvserver.0      ]      vtkDataReader.cxx:567    ERR| vtkGenericDataObjectReader (0x442d7f0): Unrecognized file type:  for file: (Null FileName)[0m
[0m[31m( 191.506s) [pvserver.0      ]vtkGenericDataObjectRea:356    ERR| vtkGenericDataObjectReader (0x442d7f0): Could not read file [0m
[0m[31m( 191.506s) [pvserver.0      ]       vtkExecutive.cxx:741    ERR| vtkCompositeDataPipeline (0x44461d0): Algorithm vtkGenericDataObjectReader (0x442d7f0) returned failure for request: vtkInformation (0x4447a40)
  Debug: Off
  Modified Time: 377598
  Reference Count: 1
  Registered Events: (none)
  Request: REQUEST_DATA
  FROM_OUTPUT_PORT: 0
  ALGORITHM_AFTER_FORWARD: 1
  FORWARD_DIRECTION: 0

[0m
[0m[31m( 191.517s) [pvserver.0      ]      vtkDataReader.cxx:567    ERR| vtkGenericDataObjectReader (0x442d7f0): Unrecognized file type:  for file: (Null FileName)[0m
[0m[31m( 191.527s) [pvserver.0      ]      vtkDataReader.cxx:567    ERR| vtkGenericDataObjectReader (0x442d7f0): Unrecognized file type:  for file: (Null FileName)[0m
[0m[31m( 191.538s) [pvserver.0      ]      vtkDataReader.cxx:567    ERR| vtkGenericDataObjectReader (0x442d7f0): Unrecognized file type:  for file: (Null FileName)[0m
[0m[31m( 191.538s) [pvserver.0      ]vtkGenericDataObjectRea:356    ERR| vtkGenericDataObjectReader (0x442d7f0): Could not read file [0m
[0m[31m( 191.538s) [pvserver.0      ]       vtkExecutive.cxx:741    ERR| vtkCompositeDataPipeline (0x44461d0): Algorithm vtkGenericDataObjectReader (0x442d7f0) returned failure for request: vtkInformation (0x4257ca0)
  Debug: Off
  Modified Time: 377718
  Reference Count: 1
  Registered Events: (none)
  Request: REQUEST_DATA
  FROM_OUTPUT_PORT: 0
  ALGORITHM_AFTER_FORWARD: 1
  FORWARD_DIRECTION: 0

[0m
[0m[31m( 191.548s) [pvserver.0      ]      vtkDataReader.cxx:567    ERR| vtkGenericDataObjectReader (0x442d7f0): Unrecognized file type:  for file: (Null FileName)[0m
[0m[31m( 191.559s) [pvserver.0      ]      vtkDataReader.cxx:567    ERR| vtkGenericDataObjectReader (0x442d7f0): Unrecognized file type:  for file: (Null FileName)[0m
[0m[31m( 191.570s) [pvserver.0      ]      vtkDataReader.cxx:567    ERR| vtkGenericDataObjectReader (0x442d7f0): Unrecognized file type:  for file: (Null FileName)[0m
[0m[31m( 191.570s) [pvserver.0      ]vtkGenericDataObjectRea:356    ERR| vtkGenericDataObjectReader (0x442d7f0): Could not read file [0m
[0m[31m( 191.570s) [pvserver.0      ]       vtkExecutive.cxx:741    ERR| vtkCompositeDataPipeline (0x44461b0): Algorithm vtkGenericDataObjectReader (0x442d7f0) returned failure for request: vtkInformation (0x4447520)
  Debug: Off
  Modified Time: 377838
  Reference Count: 1
  Registered Events: (none)
  Request: REQUEST_DATA
  FROM_OUTPUT_PORT: 0
  ALGORITHM_AFTER_FORWARD: 1
  FORWARD_DIRECTION: 0

[0m
[0m[31m( 191.580s) [pvserver.0      ]      vtkDataReader.cxx:567    ERR| vtkGenericDataObjectReader (0x4258cf0): Unrecognized file type:  for file: (Null FileName)[0m
[0m[31m( 191.591s) [pvserver.0      ]      vtkDataReader.cxx:567    ERR| vtkGenericDataObjectReader (0x4258cf0): Unrecognized file type:  for file: (Null FileName)[0m
[0m[31m( 191.601s) [pvserver.0      ]      vtkDataReader.cxx:567    ERR| vtkGenericDataObjectReader (0x4258cf0): Unrecognized file type:  for file: (Null FileName)[0m
[0m[31m( 191.601s) [pvserver.0      ]vtkGenericDataObjectRea:356    ERR| vtkGenericDataObjectReader (0x4258cf0): Could not read file [0m
[0m[31m( 191.601s) [pvserver.0      ]       vtkExecutive.cxx:741    ERR| vtkCompositeDataPipeline (0x44461b0): Algorithm vtkGenericDataObjectReader (0x4258cf0) returned failure for request: vtkInformation (0x4258670)
  Debug: Off
  Modified Time: 377958
  Reference Count: 1
  Registered Events: (none)
  Request: REQUEST_DATA
  FROM_OUTPUT_PORT: 0
  ALGORITHM_AFTER_FORWARD: 1
  FORWARD_DIRECTION: 0

[0m
[0m[31m( 191.612s) [pvserver.0      ]      vtkDataReader.cxx:567    ERR| vtkGenericDataObjectReader (0x4258cf0): Unrecognized file type:  for file: (Null FileName)[0m
[0m[31m( 191.623s) [pvserver.0      ]      vtkDataReader.cxx:567    ERR| vtkGenericDataObjectReader (0x4258cf0): Unrecognized file type:  for file: (Null FileName)[0m
[0m[31m( 191.633s) [pvserver.0      ]      vtkDataReader.cxx:567    ERR| vtkGenericDataObjectReader (0x4258cf0): Unrecognized file type:  for file: (Null FileName)[0m
[0m[31m( 191.633s) [pvserver.0      ]vtkGenericDataObjectRea:356    ERR| vtkGenericDataObjectReader (0x4258cf0): Could not read file [0m
[0m[31m( 191.633s) [pvserver.0      ]       vtkExecutive.cxx:741    ERR| vtkCompositeDataPipeline (0x44461b0): Algorithm vtkGenericDataObjectReader (0x4258cf0) returned failure for request: vtkInformation (0x42583d0)
  Debug: Off
  Modified Time: 378078
  Reference Count: 1
  Registered Events: (none)
  Request: REQUEST_DATA
  FROM_OUTPUT_PORT: 0
  ALGORITHM_AFTER_FORWARD: 1
  FORWARD_DIRECTION: 0

[0m
[0m[31m( 191.645s) [pvserver.0      ]      vtkDataReader.cxx:567    ERR| vtkGenericDataObjectReader (0x4258cd0): Unrecognized file type:  for file: (Null FileName)[0m
[0m[31m( 191.656s) [pvserver.0      ]      vtkDataReader.cxx:567    ERR| vtkGenericDataObjectReader (0x4258cd0): Unrecognized file type:  for file: (Null FileName)[0m
[0m[31m( 191.667s) [pvserver.0      ]      vtkDataReader.cxx:567    ERR| vtkGenericDataObjectReader (0x4258cd0): Unrecognized file type:  for file: (Null FileName)[0m
[0m[31m( 191.667s) [pvserver.0      ]vtkGenericDataObjectRea:356    ERR| vtkGenericDataObjectReader (0x4258cd0): Could not read file [0m
[0m[31m( 191.667s) [pvserver.0      ]       vtkExecutive.cxx:741    ERR| vtkCompositeDataPipeline (0x44461b0): Algorithm vtkGenericDataObjectReader (0x4258cd0) returned failure for request: vtkInformation (0x4259050)
  Debug: Off
  Modified Time: 378198
  Reference Count: 1
  Registered Events: (none)
  Request: REQUEST_DATA
  FROM_OUTPUT_PORT: 0
  ALGORITHM_AFTER_FORWARD: 1
  FORWARD_DIRECTION: 0

[0m
[0m[31m( 191.677s) [pvserver.0      ]      vtkDataReader.cxx:567    ERR| vtkGenericDataObjectReader (0x42581a0): Unrecognized file type:  for file: (Null FileName)[0m
[0m[31m( 191.688s) [pvserver.0      ]      vtkDataReader.cxx:567    ERR| vtkGenericDataObjectReader (0x42581a0): Unrecognized file type:  for file: (Null FileName)[0m
[0m[31m( 191.698s) [pvserver.0      ]      vtkDataReader.cxx:567    ERR| vtkGenericDataObjectReader (0x42581a0): Unrecognized file type:  for file: (Null FileName)[0m
[0m[31m( 191.698s) [pvserver.0      ]vtkGenericDataObjectRea:356    ERR| vtkGenericDataObjectReader (0x42581a0): Could not read file [0m
[0m[31m( 191.698s) [pvserver.0      ]       vtkExecutive.cxx:741    ERR| vtkCompositeDataPipeline (0x44461b0): Algorithm vtkGenericDataObjectReader (0x42581a0) returned failure for request: vtkInformation (0x44477f0)
  Debug: Off
  Modified Time: 378318
  Reference Count: 1
  Registered Events: (none)
  Request: REQUEST_DATA
  FROM_OUTPUT_PORT: 0
  ALGORITHM_AFTER_FORWARD: 1
  FORWARD_DIRECTION: 0

[0m
[0m[31m( 191.709s) [pvserver.0      ]      vtkDataReader.cxx:567    ERR| vtkGenericDataObjectReader (0x42581a0): Unrecognized file type:  for file: (Null FileName)[0m
[0m[31m( 191.720s) [pvserver.0      ]      vtkDataReader.cxx:567    ERR| vtkGenericDataObjectReader (0x42581a0): Unrecognized file type:  for file: (Null FileName)[0m
[0m[31m( 191.731s) [pvserver.0      ]      vtkDataReader.cxx:567    ERR| vtkGenericDataObjectReader (0x42581a0): Unrecognized file type:  for file: (Null FileName)[0m
[0m[31m( 191.731s) [pvserver.0      ]vtkGenericDataObjectRea:356    ERR| vtkGenericDataObjectReader (0x42581a0): Could not read file [0m
[0m[31m( 191.731s) [pvserver.0      ]       vtkExecutive.cxx:741    ERR| vtkCompositeDataPipeline (0x44461b0): Algorithm vtkGenericDataObjectReader (0x42581a0) returned failure for request: vtkInformation (0x44477f0)
  Debug: Off
  Modified Time: 378438
  Reference Count: 1
  Registered Events: (none)
  Request: REQUEST_DATA
  FROM_OUTPUT_PORT: 0
  ALGORITHM_AFTER_FORWARD: 1
  FORWARD_DIRECTION: 0

[0m
[0m[31m( 191.742s) [pvserver.0      ]      vtkDataReader.cxx:567    ERR| vtkGenericDataObjectReader (0x42581a0): Unrecognized file type:  for file: (Null FileName)[0m
[0m[31m( 191.752s) [pvserver.0      ]      vtkDataReader.cxx:567    ERR| vtkGenericDataObjectReader (0x42581a0): Unrecognized file type:  for file: (Null FileName)[0m
[0m[31m( 191.763s) [pvserver.0      ]      vtkDataReader.cxx:567    ERR| vtkGenericDataObjectReader (0x42581a0): Unrecognized file type:  for file: (Null FileName)[0m
[0m[31m( 191.763s) [pvserver.0      ]vtkGenericDataObjectRea:356    ERR| vtkGenericDataObjectReader (0x42581a0): Could not read file [0m
[0m[31m( 191.763s) [pvserver.0      ]       vtkExecutive.cxx:741    ERR| vtkCompositeDataPipeline (0x44461b0): Algorithm vtkGenericDataObjectReader (0x42581a0) returned failure for request: vtkInformation (0x4257a30)
  Debug: Off
  Modified Time: 378558
  Reference Count: 1
  Registered Events: (none)
  Request: REQUEST_DATA
  FROM_OUTPUT_PORT: 0
  ALGORITHM_AFTER_FORWARD: 1
  FORWARD_DIRECTION: 0

[0m
[0m[31m( 191.773s) [pvserver.0      ]      vtkDataReader.cxx:567    ERR| vtkGenericDataObjectReader (0x42581a0): Unrecognized file type:  for file: (Null FileName)[0m
[0m[31m( 191.784s) [pvserver.0      ]      vtkDataReader.cxx:567    ERR| vtkGenericDataObjectReader (0x42581a0): Unrecognized file type:  for file: (Null FileName)[0m
[0m[31m( 191.794s) [pvserver.0      ]      vtkDataReader.cxx:567    ERR| vtkGenericDataObjectReader (0x42581a0): Unrecognized file type:  for file: (Null FileName)[0m
[0m[31m( 191.794s) [pvserver.0      ]vtkGenericDataObjectRea:356    ERR| vtkGenericDataObjectReader (0x42581a0): Could not read file [0m
[0m[31m( 191.794s) [pvserver.0      ]       vtkExecutive.cxx:741    ERR| vtkCompositeDataPipeline (0x44461b0): Algorithm vtkGenericDataObjectReader (0x42581a0) returned failure for request: vtkInformation (0x4257a30)
  Debug: Off
  Modified Time: 378678
  Reference Count: 1
  Registered Events: (none)
  Request: REQUEST_DATA
  FROM_OUTPUT_PORT: 0
  ALGORITHM_AFTER_FORWARD: 1
  FORWARD_DIRECTION: 0

[0m
[0m[31m( 191.805s) [pvserver.0      ]      vtkDataReader.cxx:567    ERR| vtkGenericDataObjectReader (0x42581a0): Unrecognized file type:  for file: (Null FileName)[0m
[0m[31m( 191.816s) [pvserver.0      ]      vtkDataReader.cxx:567    ERR| vtkGenericDataObjectReader (0x42581a0): Unrecognized file type:  for file: (Null FileName)[0m
[0m[31m( 191.827s) [pvserver.0      ]      vtkDataReader.cxx:567    ERR| vtkGenericDataObjectReader (0x42581a0): Unrecognized file type:  for file: (Null FileName)[0m
[0m[31m( 191.827s) [pvserver.0      ]vtkGenericDataObjectRea:356    ERR| vtkGenericDataObjectReader (0x42581a0): Could not read file [0m
[0m[31m( 191.827s) [pvserver.0      ]       vtkExecutive.cxx:741    ERR| vtkCompositeDataPipeline (0x44461b0): Algorithm vtkGenericDataObjectReader (0x42581a0) returned failure for request: vtkInformation (0x425a7b0)
  Debug: Off
  Modified Time: 378798
  Reference Count: 1
  Registered Events: (none)
  Request: REQUEST_DATA
  FROM_OUTPUT_PORT: 0
  ALGORITHM_AFTER_FORWARD: 1
  FORWARD_DIRECTION: 0

[0m
[0m[31m( 191.838s) [pvserver.0      ]      vtkDataReader.cxx:567    ERR| vtkGenericDataObjectReader (0x425a580): Unrecognized file type:  for file: (Null FileName)[0m
[0m[31m( 191.849s) [pvserver.0      ]      vtkDataReader.cxx:567    ERR| vtkGenericDataObjectReader (0x425a580): Unrecognized file type:  for file: (Null FileName)[0m
[0m[31m( 191.860s) [pvserver.0      ]      vtkDataReader.cxx:567    ERR| vtkGenericDataObjectReader (0x425a580): Unrecognized file type:  for file: (Null FileName)[0m
[0m[31m( 191.860s) [pvserver.0      ]vtkGenericDataObjectRea:356    ERR| vtkGenericDataObjectReader (0x425a580): Could not read file [0m
[0m[31m( 191.860s) [pvserver.0      ]       vtkExecutive.cxx:741    ERR| vtkCompositeDataPipeline (0x44461b0): Algorithm vtkGenericDataObjectReader (0x425a580) returned failure for request: vtkInformation (0x425a3c0)
  Debug: Off
  Modified Time: 378918
  Reference Count: 1
  Registered Events: (none)
  Request: REQUEST_DATA
  FROM_OUTPUT_PORT: 0
  ALGORITHM_AFTER_FORWARD: 1
  FORWARD_DIRECTION: 0

[0m
[0m[31m( 191.871s) [pvserver.0      ]      vtkDataReader.cxx:567    ERR| vtkGenericDataObjectReader (0x425a580): Unrecognized file type:  for file: (Null FileName)[0m
[0m[31m( 191.881s) [pvserver.0      ]      vtkDataReader.cxx:567    ERR| vtkGenericDataObjectReader (0x425a580): Unrecognized file type:  for file: (Null FileName)[0m
[0m[31m( 191.891s) [pvserver.0      ]      vtkDataReader.cxx:567    ERR| vtkGenericDataObjectReader (0x425a580): Unrecognized file type:  for file: (Null FileName)[0m
[0m[31m( 191.891s) [pvserver.0      ]vtkGenericDataObjectRea:356    ERR| vtkGenericDataObjectReader (0x425a580): Could not read file [0m
[0m[31m( 191.891s) [pvserver.0      ]       vtkExecutive.cxx:741    ERR| vtkCompositeDataPipeline (0x44461b0): Algorithm vtkGenericDataObjectReader (0x425a580) returned failure for request: vtkInformation (0x425a1b0)
  Debug: Off
  Modified Time: 379038
  Reference Count: 1
  Registered Events: (none)
  Request: REQUEST_DATA
  FROM_OUTPUT_PORT: 0
  ALGORITHM_AFTER_FORWARD: 1
  FORWARD_DIRECTION: 0

[0m
[0m[31m( 191.903s) [pvserver.0      ]      vtkDataReader.cxx:567    ERR| vtkGenericDataObjectReader (0x425ae80): Unrecognized file type:  for file: (Null FileName)[0m
[0m[31m( 191.914s) [pvserver.0      ]      vtkDataReader.cxx:567    ERR| vtkGenericDataObjectReader (0x425ae80): Unrecognized file type:  for file: (Null FileName)[0m
[0m[31m( 191.925s) [pvserver.0      ]      vtkDataReader.cxx:567    ERR| vtkGenericDataObjectReader (0x425ae80): Unrecognized file type:  for file: (Null FileName)[0m
[0m[31m( 191.925s) [pvserver.0      ]vtkGenericDataObjectRea:356    ERR| vtkGenericDataObjectReader (0x425ae80): Could not read file [0m
[0m[31m( 191.925s) [pvserver.0      ]       vtkExecutive.cxx:741    ERR| vtkCompositeDataPipeline (0x44461b0): Algorithm vtkGenericDataObjectReader (0x425ae80) returned failure for request: vtkInformation (0x42583d0)
  Debug: Off
  Modified Time: 379158
  Reference Count: 1
  Registered Events: (none)
  Request: REQUEST_DATA
  FROM_OUTPUT_PORT: 0
  ALGORITHM_AFTER_FORWARD: 1
  FORWARD_DIRECTION: 0

[0m
[0m[31m( 191.936s) [pvserver.0      ]      vtkDataReader.cxx:567    ERR| vtkGenericDataObjectReader (0x42581a0): Unrecognized file type:  for file: (Null FileName)[0m
[0m[31m( 191.947s) [pvserver.0      ]      vtkDataReader.cxx:567    ERR| vtkGenericDataObjectReader (0x42581a0): Unrecognized file type:  for file: (Null FileName)[0m
[0m[31m( 191.958s) [pvserver.0      ]      vtkDataReader.cxx:567    ERR| vtkGenericDataObjectReader (0x42581a0): Unrecognized file type:  for file: (Null FileName)[0m
[0m[31m( 191.958s) [pvserver.0      ]vtkGenericDataObjectRea:356    ERR| vtkGenericDataObjectReader (0x42581a0): Could not read file [0m
[0m[31m( 191.958s) [pvserver.0      ]       vtkExecutive.cxx:741    ERR| vtkCompositeDataPipeline (0x44461b0): Algorithm vtkGenericDataObjectReader (0x42581a0) returned failure for request: vtkInformation (0x425b0b0)
  Debug: Off
  Modified Time: 379278
  Reference Count: 1
  Registered Events: (none)
  Request: REQUEST_DATA
  FROM_OUTPUT_PORT: 0
  ALGORITHM_AFTER_FORWARD: 1
  FORWARD_DIRECTION: 0

[0m
[0m[31m( 191.970s) [pvserver.0      ]      vtkDataReader.cxx:567    ERR| vtkGenericDataObjectReader (0x42581a0): Unrecognized file type:  for file: (Null FileName)[0m
[0m[31m( 191.981s) [pvserver.0      ]      vtkDataReader.cxx:567    ERR| vtkGenericDataObjectReader (0x42581a0): Unrecognized file type:  for file: (Null FileName)[0m
[0m[31m( 191.992s) [pvserver.0      ]      vtkDataReader.cxx:567    ERR| vtkGenericDataObjectReader (0x42581a0): Unrecognized file type:  for file: (Null FileName)[0m
[0m[31m( 191.993s) [pvserver.0      ]vtkGenericDataObjectRea:356    ERR| vtkGenericDataObjectReader (0x42581a0): Could not read file [0m
[0m[31m( 191.993s) [pvserver.0      ]       vtkExecutive.cxx:741    ERR| vtkCompositeDataPipeline (0x44461b0): Algorithm vtkGenericDataObjectReader (0x42581a0) returned failure for request: vtkInformation (0x442e420)
  Debug: Off
  Modified Time: 379398
  Reference Count: 1
  Registered Events: (none)
  Request: REQUEST_DATA
  FROM_OUTPUT_PORT: 0
  ALGORITHM_AFTER_FORWARD: 1
  FORWARD_DIRECTION: 0

[0m
[0m[31m( 191.994s) [pvserver.0      ]       vtkExecutive.cxx:741    ERR| vtkCompositeDataPipeline (0x4258cd0): Algorithm vtkAppendCompositeDataLeaves (0x44461b0) returned failure for request: vtkInformation (0x442db10)
  Debug: Off
  Modified Time: 381507
  Reference Count: 1
  Registered Events: (none)
  Request: REQUEST_DATA_OBJECT
  FROM_OUTPUT_PORT: 0
  ALGORITHM_AFTER_FORWARD: 1
  FORWARD_DIRECTION: 0

[0m
[0m[31m( 191.994s) [pvserver.0      ]       vtkExecutive.cxx:741    ERR| vtkCompositeDataPipeline (0x4258cd0): Algorithm vtkAppendCompositeDataLeaves (0x44461b0) returned failure for request: vtkInformation (0x442db10)
  Debug: Off
  Modified Time: 381507
  Reference Count: 1
  Registered Events: (none)
  Request: REQUEST_DATA_OBJECT
  FROM_OUTPUT_PORT: 0
  ALGORITHM_AFTER_FORWARD: 1
  FORWARD_DIRECTION: 0

[0m
[0m[33m( 191.994s) [pvserver.0      ]      vtkDataObject.cxx:499   WARN| vtkMultiBlockDataSet (0x4434220): Attempted to ShallowCopy from null.[0m
slurmstepd-ruby054: error: *** JOB 4481877 ON ruby054 CANCELLED AT 2023-08-11T15:58:38 DUE TO TIME LIMIT ***
srun: Job step aborted: Waiting up to 602 seconds for job step to finish.
slurmstepd-ruby054: error: *** STEP 4481877.0 ON ruby054 CANCELLED AT 2023-08-11T15:58:38 DUE TO TIME LIMIT ***
==============================================================================
Running epilogue script on ruby054.

Submit time  : 2023-08-11T12:08:15
Start time   : 2023-08-11T12:08:19
End time     : 2023-08-11T15:58:38
Elapsed time : 03:50:19 (Timelimit=03:50:00)

Job ID: 4481877
Cluster: i5
User/Group: jmom1n15/mm
State: TIMEOUT (exit code 0)
Nodes: 1
Cores per node: 64
CPU Utilized: 00:00:01
CPU Efficiency: 0.00% of 10-05:40:16 core-walltime
Job Wall-clock time: 03:50:19
Memory Utilized: 53.95 GB
Memory Efficiency: 23.98% of 225.00 GB

