Running SLURM prolog script on ruby004.cluster.local
===============================================================================
Job started on Fri Aug 11 14:23:20 BST 2023
Job ID          : 4482983
Job name        : fbb
WorkDir         : /mainfs/scratch/jmom1n15/BumpStab/data/0.001/128
Command         : /mainfs/scratch/jmom1n15/BumpStab/data/0.001/128/subOpt
Partition       : amd
Num hosts       : 16
Num cores       : 1024
Num of tasks    : 1024
Hosts allocated : ruby[004,011-012,015-016,025,028-029,031,036-038,040-041,044,047]
Job Output Follows ...
===============================================================================
Starting calculation at Fri Aug 11 14:23:20 BST 2023
---------------------------------------------------------------
make: Entering directory `/mainfs/home/jmom1n15/Lotus/solver/src/geom'
make: `libgeom.a' is up to date.
make: Leaving directory `/mainfs/home/jmom1n15/Lotus/solver/src/geom'
make: Entering directory `/mainfs/home/jmom1n15/Lotus/solver/src/oop'
make: `libfluid.a' is up to date.
make: Leaving directory `/mainfs/home/jmom1n15/Lotus/solver/src/oop'
mpif90 -cpp -DMPION  -Ofast -funroll-loops --param max-unroll-times=4  -I/home/jmom1n15/Lotus/solver/src/oop -I/home/jmom1n15/Lotus/solver/src/geom/geom_lib_include -c lotus.f90
mpif90 -cpp -DMPION  -Ofast -funroll-loops --param max-unroll-times=4  -o lotus lotus.o -L/home/jmom1n15/Lotus/solver/src/oop/. -L/home/jmom1n15/Lotus/solver/src/geom/. -lfluid -lgeom
 Setting up the grid, body and fluid
 -----------------------------------
composite(4096.0)=4096
  products :1*2**12
composite(4096.0)=4096
  products :1*2**12
composite(64.0)=64
  products :1*2**6
 Stretched grid sections:
  negative: r= 0.4%, h_max=21.5
  positive: r= 0.4%, h_max=16.3
 grid symmetry:  F
 Stretched grid sections:
  negative: r= 0.5%, h_max=25.9
  positive: r= 0.5%, h_max=25.9
 grid symmetry:  T
 folder name=/scratch/jmom1n15/BumpStab/data/0.001/128/128/                                  
 Attempting open from: /scratch/jmom1n15/BumpStab/data/0.001/128/128/fluid.vtr.pvd
 Reading from time=   21845.6465     , file=         199
 Starting time update loop
 -----------------------------------
Time:          8.000
