Running SLURM prolog script on ruby039.cluster.local
===============================================================================
Job started on Mon Oct 23 20:48:14 BST 2023
Job ID          : 4913588
Job name        : interactive
WorkDir         : /mainfs/scratch/jmom1n15/BumpStab/visPlate
Command         : /mainfs/scratch/jmom1n15/BumpStab/visPlate/sleepSub
Partition       : amd
Num hosts       : 1
Num cores       : 32
Num of tasks    : 32
Hosts allocated : ruby039
Job Output Follows ...
===============================================================================
Starting calculation at Mon Oct 23 20:48:14 BST 2023
---------------------------------------------------------------
slurmstepd-ruby039: error: *** JOB 4913588 ON ruby039 CANCELLED AT 2023-10-23T21:00:45 ***
==============================================================================
Running epilogue script on ruby039.

Submit time  : 2023-10-23T20:38:59
Start time   : 2023-10-23T20:48:13
End time     : 2023-10-23T21:00:45
Elapsed time : 00:12:32 (Timelimit=02:00:00)

Job ID: 4913588
Cluster: i5
User/Group: jmom1n15/mm
State: CANCELLED (exit code 0)
Nodes: 1
Cores per node: 32
CPU Utilized: 00:15:25
CPU Efficiency: 3.84% of 06:41:04 core-walltime
Job Wall-clock time: 00:12:32
Memory Utilized: 67.30 GB
Memory Efficiency: 0.00% of 16.00 B

